<?xml version="1.0" encoding="UTF-8"?>
<robot generator="Robot 6.0.1 (Python 3.9.13 on darwin)" generated="20221213 14:11:00.509" rpa="false" schemaversion="3">
<suite id="s1" name="Robot" source="/Users/jesse/Documents/Development/VWS/nl-rt-tim-abang/nl-rt-tim-abang-octopoes/tests/robot">
<suite id="s1-s1" name="01 Scan Profiles" source="/Users/jesse/Documents/Development/VWS/nl-rt-tim-abang/nl-rt-tim-abang-octopoes/tests/robot/01_scan_profiles.robot">
<test id="s1-s1-t1" name="Inheritance Of Two Declared Scan Profiles" line="13">
<kw name="Setup Test" type="SETUP">
<kw name="Start Monitoring" library="CeleryMonitor">
<arg>${QUEUE_URI}</arg>
<msg timestamp="20221213 14:11:00.849" level="INFO">Started monitoring</msg>
<status status="PASS" starttime="20221213 14:11:00.846" endtime="20221213 14:11:00.849"/>
</kw>
<kw name="Insert Normalizer Output" library="robot">
<kw name="Insert Origin" library="robot">
<arg>tests/fixtures/normalizer_output.json</arg>
<kw name="Get File" library="OperatingSystem">
<var>${norm_output_json}</var>
<arg>${origin_file}</arg>
<doc>Returns the contents of a specified file.</doc>
<msg timestamp="20221213 14:11:00.851" level="INFO" html="true">Getting file '&lt;a href="file:///Users/jesse/Documents/Development/VWS/nl-rt-tim-abang/nl-rt-tim-abang-octopoes/tests/fixtures/normalizer_output.json"&gt;/Users/jesse/Documents/Development/VWS/nl-rt-tim-abang/nl-rt-tim-abang-octopoes/tests/fixtures/normalizer_output.json&lt;/a&gt;'.</msg>
<msg timestamp="20221213 14:11:00.851" level="INFO">${norm_output_json} = {
  "method": "boefje_normalizer_x",
  "source": "Hostname|internet|example.com",
  "result": [
    {
      "object_type": "Hostname",
      "network": "Network|internet",
      "name": "example.com",...</msg>
<status status="PASS" starttime="20221213 14:11:00.850" endtime="20221213 14:11:00.851"/>
</kw>
<kw name="POST" library="RequestsLibrary">
<var>${response}</var>
<arg>${OCTOPOES_URI}/observations</arg>
<arg>${norm_output_json}</arg>
<doc>Sends a POST request.</doc>
<msg timestamp="20221213 14:11:01.039" level="INFO">POST Request : url=http://localhost:29000/_dev/observations 
 path_url=/_dev/observations 
 headers={'User-Agent': 'python-requests/2.28.1', 'Accept-Encoding': 'gzip, deflate', 'Accept': '*/*', 'Connection': 'keep-alive', 'Content-Length': '759'} 
 body={
  "method": "boefje_normalizer_x",
  "source": "Hostname|internet|example.com",
  "result": [
    {
      "object_type": "Hostname",
      "network": "Network|internet",
      "name": "example.com",
      "fqdn": "Hostname|internet|example.com."
    },
    {
      "object_type": "ResolvedHostname",
      "hostname": "Hostname|internet|example.com",
      "address": "IPAddressV4|internet|1.1.1.1"
    },
    {
      "object_type": "IPAddressV4",
      "network": "Network|internet",
      "address": "1.1.1.1"
    },
    {
        "object_type": "IPPort",
        "address": "IPAddressV4|internet|1.1.1.1",
        "protocol": "tcp",
        "port": 80,
        "state": "open"
    }
  ],
  "valid_time": "2019-01-01T00:00:00+00:00",
  "task_id": "1234"
} 
 </msg>
<msg timestamp="20221213 14:11:01.039" level="INFO">POST Response : url=http://localhost:29000/_dev/observations 
 status=200, reason=OK 
 headers={'date': 'Tue, 13 Dec 2022 13:11:00 GMT', 'server': 'uvicorn', 'content-length': '4', 'content-type': 'application/json'} 
 body=null 
 </msg>
<msg timestamp="20221213 14:11:01.039" level="INFO">${response} = &lt;Response [200]&gt;</msg>
<status status="PASS" starttime="20221213 14:11:00.851" endtime="20221213 14:11:01.039"/>
</kw>
<kw name="Should Be Equal As Integers" library="BuiltIn">
<arg>${response.status_code}</arg>
<arg>200</arg>
<doc>Fails if objects are unequal after converting them to integers.</doc>
<msg timestamp="20221213 14:11:01.041" level="INFO">Argument types are:
&lt;class 'int'&gt;
&lt;class 'str'&gt;</msg>
<status status="PASS" starttime="20221213 14:11:01.040" endtime="20221213 14:11:01.041"/>
</kw>
<status status="PASS" starttime="20221213 14:11:00.850" endtime="20221213 14:11:01.041"/>
</kw>
<status status="PASS" starttime="20221213 14:11:00.850" endtime="20221213 14:11:01.041"/>
</kw>
<kw name="Await Sync" library="robot">
<kw name="Await Tasks Done" library="robot">
<kw name="Wait Until Keyword Succeeds" library="BuiltIn">
<arg>1 min</arg>
<arg>100ms</arg>
<arg>Task Type Empty</arg>
<arg>SENT</arg>
<doc>Runs the specified keyword and retries if it fails.</doc>
<kw name="Task Type Empty" library="robot">
<arg>SENT</arg>
<kw name="Count Tasks" library="CeleryMonitor">
<var>${count}</var>
<arg>${task_type}</arg>
<msg timestamp="20221213 14:11:01.042" level="INFO">Counting tasks of type task-sent: 0</msg>
<msg timestamp="20221213 14:11:01.042" level="INFO">${count} = 0</msg>
<status status="PASS" starttime="20221213 14:11:01.042" endtime="20221213 14:11:01.042"/>
</kw>
<kw name="Should Be Equal As Integers" library="BuiltIn">
<arg>${count}</arg>
<arg>0</arg>
<doc>Fails if objects are unequal after converting them to integers.</doc>
<msg timestamp="20221213 14:11:01.043" level="INFO">Argument types are:
&lt;class 'int'&gt;
&lt;class 'str'&gt;</msg>
<status status="PASS" starttime="20221213 14:11:01.042" endtime="20221213 14:11:01.043"/>
</kw>
<status status="PASS" starttime="20221213 14:11:01.042" endtime="20221213 14:11:01.043"/>
</kw>
<status status="PASS" starttime="20221213 14:11:01.041" endtime="20221213 14:11:01.043"/>
</kw>
<kw name="Wait Until Keyword Succeeds" library="BuiltIn">
<arg>1 min</arg>
<arg>100ms</arg>
<arg>Task Type Empty</arg>
<arg>RECEIVED</arg>
<doc>Runs the specified keyword and retries if it fails.</doc>
<kw name="Task Type Empty" library="robot">
<arg>RECEIVED</arg>
<kw name="Count Tasks" library="CeleryMonitor">
<var>${count}</var>
<arg>${task_type}</arg>
<msg timestamp="20221213 14:11:01.044" level="INFO">Counting tasks of type task-received: 0</msg>
<msg timestamp="20221213 14:11:01.044" level="INFO">${count} = 0</msg>
<status status="PASS" starttime="20221213 14:11:01.043" endtime="20221213 14:11:01.044"/>
</kw>
<kw name="Should Be Equal As Integers" library="BuiltIn">
<arg>${count}</arg>
<arg>0</arg>
<doc>Fails if objects are unequal after converting them to integers.</doc>
<msg timestamp="20221213 14:11:01.044" level="INFO">Argument types are:
&lt;class 'int'&gt;
&lt;class 'str'&gt;</msg>
<status status="PASS" starttime="20221213 14:11:01.044" endtime="20221213 14:11:01.044"/>
</kw>
<status status="PASS" starttime="20221213 14:11:01.043" endtime="20221213 14:11:01.044"/>
</kw>
<status status="PASS" starttime="20221213 14:11:01.043" endtime="20221213 14:11:01.044"/>
</kw>
<kw name="Wait Until Keyword Succeeds" library="BuiltIn">
<arg>1 min</arg>
<arg>100ms</arg>
<arg>Task Type Empty</arg>
<arg>STARTED</arg>
<doc>Runs the specified keyword and retries if it fails.</doc>
<kw name="Task Type Empty" library="robot">
<arg>STARTED</arg>
<kw name="Count Tasks" library="CeleryMonitor">
<var>${count}</var>
<arg>${task_type}</arg>
<msg timestamp="20221213 14:11:01.045" level="INFO">Counting tasks of type task-started: 0</msg>
<msg timestamp="20221213 14:11:01.045" level="INFO">${count} = 0</msg>
<status status="PASS" starttime="20221213 14:11:01.045" endtime="20221213 14:11:01.045"/>
</kw>
<kw name="Should Be Equal As Integers" library="BuiltIn">
<arg>${count}</arg>
<arg>0</arg>
<doc>Fails if objects are unequal after converting them to integers.</doc>
<msg timestamp="20221213 14:11:01.045" level="INFO">Argument types are:
&lt;class 'int'&gt;
&lt;class 'str'&gt;</msg>
<status status="PASS" starttime="20221213 14:11:01.045" endtime="20221213 14:11:01.045"/>
</kw>
<status status="PASS" starttime="20221213 14:11:01.045" endtime="20221213 14:11:01.046"/>
</kw>
<status status="PASS" starttime="20221213 14:11:01.044" endtime="20221213 14:11:01.046"/>
</kw>
<status status="PASS" starttime="20221213 14:11:01.041" endtime="20221213 14:11:01.046"/>
</kw>
<kw name="Wait For XTDB Synced" library="robot">
<kw name="GET" library="RequestsLibrary">
<var>${response}</var>
<arg>${XTDB_URI}/sync</arg>
<doc>Sends a GET request.</doc>
<msg timestamp="20221213 14:11:01.051" level="INFO">GET Request : url=http://localhost:29002/_xtdb/sync 
 path_url=/_xtdb/sync 
 headers={'User-Agent': 'python-requests/2.28.1', 'Accept-Encoding': 'gzip, deflate', 'Accept': '*/*', 'Connection': 'keep-alive'} 
 body=None 
 </msg>
<msg timestamp="20221213 14:11:01.052" level="INFO">GET Response : url=http://localhost:29002/_xtdb/sync 
 status=200, reason=OK 
 headers={'Last-Modified': 'Tue, 13 Dec 2022 13:11:00 GMT', 'Content-Type': 'application/edn; charset=utf-8', 'Content-Length': '57', 'Server': 'Jetty(9.4.43.v20210629)'} 
 body={:xtdb.api/tx-time #inst "2022-12-13T13:11:00.958-00:00"} 
 </msg>
<msg timestamp="20221213 14:11:01.052" level="INFO">${response} = &lt;Response [200]&gt;</msg>
<status status="PASS" starttime="20221213 14:11:01.046" endtime="20221213 14:11:01.052"/>
</kw>
<status status="PASS" starttime="20221213 14:11:01.046" endtime="20221213 14:11:01.052"/>
</kw>
<status status="PASS" starttime="20221213 14:11:01.041" endtime="20221213 14:11:01.052"/>
</kw>
<status status="PASS" starttime="20221213 14:11:00.846" endtime="20221213 14:11:01.052"/>
</kw>
<kw name="Declare Scan Profile">
<arg>${REF_HOSTNAME}</arg>
<arg>${4}</arg>
<kw name="Get Valid Time Params" library="robot">
<var>${params}</var>
<kw name="Create Dictionary" library="BuiltIn">
<var>${valid_time_params}</var>
<arg>valid_time=${VALID_TIME}</arg>
<doc>Creates and returns a dictionary based on the given ``items``.</doc>
<msg timestamp="20221213 14:11:01.054" level="INFO">${valid_time_params} = {'valid_time': '2022-01-01T00:00:00+00:00'}</msg>
<status status="PASS" starttime="20221213 14:11:01.053" endtime="20221213 14:11:01.054"/>
</kw>
<return>
<value>${valid_time_params}</value>
<status status="PASS" starttime="20221213 14:11:01.054" endtime="20221213 14:11:01.054"/>
</return>
<msg timestamp="20221213 14:11:01.054" level="INFO">${params} = {'valid_time': '2022-01-01T00:00:00+00:00'}</msg>
<status status="PASS" starttime="20221213 14:11:01.053" endtime="20221213 14:11:01.054"/>
</kw>
<kw name="Create Dictionary" library="BuiltIn">
<var>${data}</var>
<arg>reference=${reference}</arg>
<arg>level=${scan_level}</arg>
<arg>scan_profile_type=declared</arg>
<doc>Creates and returns a dictionary based on the given ``items``.</doc>
<msg timestamp="20221213 14:11:01.055" level="INFO">${data} = {'reference': 'Hostname|internet|example.com', 'level': 4, 'scan_profile_type': 'declared'}</msg>
<status status="PASS" starttime="20221213 14:11:01.054" endtime="20221213 14:11:01.055"/>
</kw>
<kw name="PUT" library="RequestsLibrary">
<var>${response}</var>
<arg>${OCTOPOES_URI}/scan_profiles</arg>
<arg>json=${data}</arg>
<arg>params=${params}</arg>
<doc>Sends a PUT request.</doc>
<msg timestamp="20221213 14:11:01.103" level="INFO">PUT Request : url=http://localhost:29000/_dev/scan_profiles?valid_time=2022-01-01T00%3A00%3A00%2B00%3A00 
 path_url=/_dev/scan_profiles?valid_time=2022-01-01T00%3A00%3A00%2B00%3A00 
 headers={'User-Agent': 'python-requests/2.28.1', 'Accept-Encoding': 'gzip, deflate', 'Accept': '*/*', 'Connection': 'keep-alive', 'Content-Length': '91', 'Content-Type': 'application/json'} 
 body=b'{"reference": "Hostname|internet|example.com", "level": 4, "scan_profile_type": "declared"}' 
 </msg>
<msg timestamp="20221213 14:11:01.103" level="INFO">PUT Response : url=http://localhost:29000/_dev/scan_profiles?valid_time=2022-01-01T00%3A00%3A00%2B00%3A00 
 status=200, reason=OK 
 headers={'date': 'Tue, 13 Dec 2022 13:11:00 GMT', 'server': 'uvicorn', 'content-length': '4', 'content-type': 'application/json'} 
 body=null 
 </msg>
<msg timestamp="20221213 14:11:01.104" level="INFO">${response} = &lt;Response [200]&gt;</msg>
<status status="PASS" starttime="20221213 14:11:01.055" endtime="20221213 14:11:01.104"/>
</kw>
<kw name="Should Be Equal As Integers" library="BuiltIn">
<arg>${response.status_code}</arg>
<arg>200</arg>
<doc>Fails if objects are unequal after converting them to integers.</doc>
<msg timestamp="20221213 14:11:01.105" level="INFO">Argument types are:
&lt;class 'int'&gt;
&lt;class 'str'&gt;</msg>
<status status="PASS" starttime="20221213 14:11:01.104" endtime="20221213 14:11:01.105"/>
</kw>
<status status="PASS" starttime="20221213 14:11:01.052" endtime="20221213 14:11:01.106"/>
</kw>
<kw name="Declare Scan Profile">
<arg>${REF_IPADDR}</arg>
<arg>${2}</arg>
<kw name="Get Valid Time Params" library="robot">
<var>${params}</var>
<kw name="Create Dictionary" library="BuiltIn">
<var>${valid_time_params}</var>
<arg>valid_time=${VALID_TIME}</arg>
<doc>Creates and returns a dictionary based on the given ``items``.</doc>
<msg timestamp="20221213 14:11:01.108" level="INFO">${valid_time_params} = {'valid_time': '2022-01-01T00:00:00+00:00'}</msg>
<status status="PASS" starttime="20221213 14:11:01.107" endtime="20221213 14:11:01.108"/>
</kw>
<return>
<value>${valid_time_params}</value>
<status status="PASS" starttime="20221213 14:11:01.108" endtime="20221213 14:11:01.108"/>
</return>
<msg timestamp="20221213 14:11:01.108" level="INFO">${params} = {'valid_time': '2022-01-01T00:00:00+00:00'}</msg>
<status status="PASS" starttime="20221213 14:11:01.107" endtime="20221213 14:11:01.108"/>
</kw>
<kw name="Create Dictionary" library="BuiltIn">
<var>${data}</var>
<arg>reference=${reference}</arg>
<arg>level=${scan_level}</arg>
<arg>scan_profile_type=declared</arg>
<doc>Creates and returns a dictionary based on the given ``items``.</doc>
<msg timestamp="20221213 14:11:01.109" level="INFO">${data} = {'reference': 'IPAddressV4|internet|1.1.1.1', 'level': 2, 'scan_profile_type': 'declared'}</msg>
<status status="PASS" starttime="20221213 14:11:01.108" endtime="20221213 14:11:01.109"/>
</kw>
<kw name="PUT" library="RequestsLibrary">
<var>${response}</var>
<arg>${OCTOPOES_URI}/scan_profiles</arg>
<arg>json=${data}</arg>
<arg>params=${params}</arg>
<doc>Sends a PUT request.</doc>
<msg timestamp="20221213 14:11:01.149" level="INFO">PUT Request : url=http://localhost:29000/_dev/scan_profiles?valid_time=2022-01-01T00%3A00%3A00%2B00%3A00 
 path_url=/_dev/scan_profiles?valid_time=2022-01-01T00%3A00%3A00%2B00%3A00 
 headers={'User-Agent': 'python-requests/2.28.1', 'Accept-Encoding': 'gzip, deflate', 'Accept': '*/*', 'Connection': 'keep-alive', 'Content-Length': '90', 'Content-Type': 'application/json'} 
 body=b'{"reference": "IPAddressV4|internet|1.1.1.1", "level": 2, "scan_profile_type": "declared"}' 
 </msg>
<msg timestamp="20221213 14:11:01.149" level="INFO">PUT Response : url=http://localhost:29000/_dev/scan_profiles?valid_time=2022-01-01T00%3A00%3A00%2B00%3A00 
 status=200, reason=OK 
 headers={'date': 'Tue, 13 Dec 2022 13:11:00 GMT', 'server': 'uvicorn', 'content-length': '4', 'content-type': 'application/json'} 
 body=null 
 </msg>
<msg timestamp="20221213 14:11:01.149" level="INFO">${response} = &lt;Response [200]&gt;</msg>
<status status="PASS" starttime="20221213 14:11:01.109" endtime="20221213 14:11:01.149"/>
</kw>
<kw name="Should Be Equal As Integers" library="BuiltIn">
<arg>${response.status_code}</arg>
<arg>200</arg>
<doc>Fails if objects are unequal after converting them to integers.</doc>
<msg timestamp="20221213 14:11:01.151" level="INFO">Argument types are:
&lt;class 'int'&gt;
&lt;class 'str'&gt;</msg>
<status status="PASS" starttime="20221213 14:11:01.149" endtime="20221213 14:11:01.151"/>
</kw>
<status status="PASS" starttime="20221213 14:11:01.106" endtime="20221213 14:11:01.151"/>
</kw>
<kw name="Await Sync" library="robot">
<kw name="Await Tasks Done" library="robot">
<kw name="Wait Until Keyword Succeeds" library="BuiltIn">
<arg>1 min</arg>
<arg>100ms</arg>
<arg>Task Type Empty</arg>
<arg>SENT</arg>
<doc>Runs the specified keyword and retries if it fails.</doc>
<kw name="Task Type Empty" library="robot">
<arg>SENT</arg>
<kw name="Count Tasks" library="CeleryMonitor">
<var>${count}</var>
<arg>${task_type}</arg>
<msg timestamp="20221213 14:11:01.153" level="INFO">Counting tasks of type task-sent: 0</msg>
<msg timestamp="20221213 14:11:01.153" level="INFO">${count} = 0</msg>
<status status="PASS" starttime="20221213 14:11:01.153" endtime="20221213 14:11:01.153"/>
</kw>
<kw name="Should Be Equal As Integers" library="BuiltIn">
<arg>${count}</arg>
<arg>0</arg>
<doc>Fails if objects are unequal after converting them to integers.</doc>
<msg timestamp="20221213 14:11:01.154" level="INFO">Argument types are:
&lt;class 'int'&gt;
&lt;class 'str'&gt;</msg>
<status status="PASS" starttime="20221213 14:11:01.153" endtime="20221213 14:11:01.154"/>
</kw>
<status status="PASS" starttime="20221213 14:11:01.153" endtime="20221213 14:11:01.154"/>
</kw>
<status status="PASS" starttime="20221213 14:11:01.152" endtime="20221213 14:11:01.154"/>
</kw>
<kw name="Wait Until Keyword Succeeds" library="BuiltIn">
<arg>1 min</arg>
<arg>100ms</arg>
<arg>Task Type Empty</arg>
<arg>RECEIVED</arg>
<doc>Runs the specified keyword and retries if it fails.</doc>
<kw name="Task Type Empty" library="robot">
<arg>RECEIVED</arg>
<kw name="Count Tasks" library="CeleryMonitor">
<var>${count}</var>
<arg>${task_type}</arg>
<msg timestamp="20221213 14:11:01.156" level="INFO">Counting tasks of type task-received: 0</msg>
<msg timestamp="20221213 14:11:01.156" level="INFO">${count} = 0</msg>
<status status="PASS" starttime="20221213 14:11:01.155" endtime="20221213 14:11:01.156"/>
</kw>
<kw name="Should Be Equal As Integers" library="BuiltIn">
<arg>${count}</arg>
<arg>0</arg>
<doc>Fails if objects are unequal after converting them to integers.</doc>
<msg timestamp="20221213 14:11:01.156" level="INFO">Argument types are:
&lt;class 'int'&gt;
&lt;class 'str'&gt;</msg>
<status status="PASS" starttime="20221213 14:11:01.156" endtime="20221213 14:11:01.156"/>
</kw>
<status status="PASS" starttime="20221213 14:11:01.155" endtime="20221213 14:11:01.156"/>
</kw>
<status status="PASS" starttime="20221213 14:11:01.155" endtime="20221213 14:11:01.156"/>
</kw>
<kw name="Wait Until Keyword Succeeds" library="BuiltIn">
<arg>1 min</arg>
<arg>100ms</arg>
<arg>Task Type Empty</arg>
<arg>STARTED</arg>
<doc>Runs the specified keyword and retries if it fails.</doc>
<kw name="Task Type Empty" library="robot">
<arg>STARTED</arg>
<kw name="Count Tasks" library="CeleryMonitor">
<var>${count}</var>
<arg>${task_type}</arg>
<msg timestamp="20221213 14:11:01.158" level="INFO">Counting tasks of type task-started: 0</msg>
<msg timestamp="20221213 14:11:01.158" level="INFO">${count} = 0</msg>
<status status="PASS" starttime="20221213 14:11:01.157" endtime="20221213 14:11:01.158"/>
</kw>
<kw name="Should Be Equal As Integers" library="BuiltIn">
<arg>${count}</arg>
<arg>0</arg>
<doc>Fails if objects are unequal after converting them to integers.</doc>
<msg timestamp="20221213 14:11:01.158" level="INFO">Argument types are:
&lt;class 'int'&gt;
&lt;class 'str'&gt;</msg>
<status status="PASS" starttime="20221213 14:11:01.158" endtime="20221213 14:11:01.158"/>
</kw>
<status status="PASS" starttime="20221213 14:11:01.157" endtime="20221213 14:11:01.158"/>
</kw>
<status status="PASS" starttime="20221213 14:11:01.157" endtime="20221213 14:11:01.158"/>
</kw>
<status status="PASS" starttime="20221213 14:11:01.152" endtime="20221213 14:11:01.158"/>
</kw>
<kw name="Wait For XTDB Synced" library="robot">
<kw name="GET" library="RequestsLibrary">
<var>${response}</var>
<arg>${XTDB_URI}/sync</arg>
<doc>Sends a GET request.</doc>
<msg timestamp="20221213 14:11:01.166" level="INFO">GET Request : url=http://localhost:29002/_xtdb/sync 
 path_url=/_xtdb/sync 
 headers={'User-Agent': 'python-requests/2.28.1', 'Accept-Encoding': 'gzip, deflate', 'Accept': '*/*', 'Connection': 'keep-alive'} 
 body=None 
 </msg>
<msg timestamp="20221213 14:11:01.166" level="INFO">GET Response : url=http://localhost:29002/_xtdb/sync 
 status=200, reason=OK 
 headers={'Last-Modified': 'Tue, 13 Dec 2022 13:11:01 GMT', 'Content-Type': 'application/edn; charset=utf-8', 'Content-Length': '57', 'Server': 'Jetty(9.4.43.v20210629)'} 
 body={:xtdb.api/tx-time #inst "2022-12-13T13:11:01.143-00:00"} 
 </msg>
<msg timestamp="20221213 14:11:01.167" level="INFO">${response} = &lt;Response [200]&gt;</msg>
<status status="PASS" starttime="20221213 14:11:01.159" endtime="20221213 14:11:01.167"/>
</kw>
<status status="PASS" starttime="20221213 14:11:01.158" endtime="20221213 14:11:01.167"/>
</kw>
<status status="PASS" starttime="20221213 14:11:01.151" endtime="20221213 14:11:01.167"/>
</kw>
<kw name="Recalculate Scan Profiles">
<kw name="Get Valid Time Params" library="robot">
<var>${params}</var>
<kw name="Create Dictionary" library="BuiltIn">
<var>${valid_time_params}</var>
<arg>valid_time=${VALID_TIME}</arg>
<doc>Creates and returns a dictionary based on the given ``items``.</doc>
<msg timestamp="20221213 14:11:01.168" level="INFO">${valid_time_params} = {'valid_time': '2022-01-01T00:00:00+00:00'}</msg>
<status status="PASS" starttime="20221213 14:11:01.168" endtime="20221213 14:11:01.168"/>
</kw>
<return>
<value>${valid_time_params}</value>
<status status="PASS" starttime="20221213 14:11:01.168" endtime="20221213 14:11:01.169"/>
</return>
<msg timestamp="20221213 14:11:01.169" level="INFO">${params} = {'valid_time': '2022-01-01T00:00:00+00:00'}</msg>
<status status="PASS" starttime="20221213 14:11:01.168" endtime="20221213 14:11:01.169"/>
</kw>
<kw name="GET" library="RequestsLibrary">
<var>${response}</var>
<arg>${OCTOPOES_URI}/scan_profiles/recalculate</arg>
<arg>params=${params}</arg>
<doc>Sends a GET request.</doc>
<msg timestamp="20221213 14:11:01.328" level="INFO">GET Request : url=http://localhost:29000/_dev/scan_profiles/recalculate?valid_time=2022-01-01T00%3A00%3A00%2B00%3A00 
 path_url=/_dev/scan_profiles/recalculate?valid_time=2022-01-01T00%3A00%3A00%2B00%3A00 
 headers={'User-Agent': 'python-requests/2.28.1', 'Accept-Encoding': 'gzip, deflate', 'Accept': '*/*', 'Connection': 'keep-alive'} 
 body=None 
 </msg>
<msg timestamp="20221213 14:11:01.328" level="INFO">GET Response : url=http://localhost:29000/_dev/scan_profiles/recalculate?valid_time=2022-01-01T00%3A00%3A00%2B00%3A00 
 status=200, reason=OK 
 headers={'date': 'Tue, 13 Dec 2022 13:11:00 GMT', 'server': 'uvicorn', 'content-length': '4', 'content-type': 'application/json'} 
 body=null 
 </msg>
<msg timestamp="20221213 14:11:01.329" level="INFO">${response} = &lt;Response [200]&gt;</msg>
<status status="PASS" starttime="20221213 14:11:01.169" endtime="20221213 14:11:01.329"/>
</kw>
<kw name="Should Be Equal As Integers" library="BuiltIn">
<arg>${response.status_code}</arg>
<arg>200</arg>
<doc>Fails if objects are unequal after converting them to integers.</doc>
<msg timestamp="20221213 14:11:01.330" level="INFO">Argument types are:
&lt;class 'int'&gt;
&lt;class 'str'&gt;</msg>
<status status="PASS" starttime="20221213 14:11:01.329" endtime="20221213 14:11:01.330"/>
</kw>
<kw name="Await Sync" library="robot">
<kw name="Await Tasks Done" library="robot">
<kw name="Wait Until Keyword Succeeds" library="BuiltIn">
<arg>1 min</arg>
<arg>100ms</arg>
<arg>Task Type Empty</arg>
<arg>SENT</arg>
<doc>Runs the specified keyword and retries if it fails.</doc>
<kw name="Task Type Empty" library="robot">
<arg>SENT</arg>
<kw name="Count Tasks" library="CeleryMonitor">
<var>${count}</var>
<arg>${task_type}</arg>
<msg timestamp="20221213 14:11:01.331" level="INFO">Counting tasks of type task-sent: 0</msg>
<msg timestamp="20221213 14:11:01.331" level="INFO">${count} = 0</msg>
<status status="PASS" starttime="20221213 14:11:01.331" endtime="20221213 14:11:01.331"/>
</kw>
<kw name="Should Be Equal As Integers" library="BuiltIn">
<arg>${count}</arg>
<arg>0</arg>
<doc>Fails if objects are unequal after converting them to integers.</doc>
<msg timestamp="20221213 14:11:01.332" level="INFO">Argument types are:
&lt;class 'int'&gt;
&lt;class 'str'&gt;</msg>
<status status="PASS" starttime="20221213 14:11:01.332" endtime="20221213 14:11:01.332"/>
</kw>
<status status="PASS" starttime="20221213 14:11:01.331" endtime="20221213 14:11:01.332"/>
</kw>
<status status="PASS" starttime="20221213 14:11:01.330" endtime="20221213 14:11:01.332"/>
</kw>
<kw name="Wait Until Keyword Succeeds" library="BuiltIn">
<arg>1 min</arg>
<arg>100ms</arg>
<arg>Task Type Empty</arg>
<arg>RECEIVED</arg>
<doc>Runs the specified keyword and retries if it fails.</doc>
<kw name="Task Type Empty" library="robot">
<arg>RECEIVED</arg>
<kw name="Count Tasks" library="CeleryMonitor">
<var>${count}</var>
<arg>${task_type}</arg>
<msg timestamp="20221213 14:11:01.333" level="INFO">Counting tasks of type task-received: 0</msg>
<msg timestamp="20221213 14:11:01.333" level="INFO">${count} = 0</msg>
<status status="PASS" starttime="20221213 14:11:01.333" endtime="20221213 14:11:01.333"/>
</kw>
<kw name="Should Be Equal As Integers" library="BuiltIn">
<arg>${count}</arg>
<arg>0</arg>
<doc>Fails if objects are unequal after converting them to integers.</doc>
<msg timestamp="20221213 14:11:01.333" level="INFO">Argument types are:
&lt;class 'int'&gt;
&lt;class 'str'&gt;</msg>
<status status="PASS" starttime="20221213 14:11:01.333" endtime="20221213 14:11:01.334"/>
</kw>
<status status="PASS" starttime="20221213 14:11:01.332" endtime="20221213 14:11:01.334"/>
</kw>
<status status="PASS" starttime="20221213 14:11:01.332" endtime="20221213 14:11:01.334"/>
</kw>
<kw name="Wait Until Keyword Succeeds" library="BuiltIn">
<arg>1 min</arg>
<arg>100ms</arg>
<arg>Task Type Empty</arg>
<arg>STARTED</arg>
<doc>Runs the specified keyword and retries if it fails.</doc>
<kw name="Task Type Empty" library="robot">
<arg>STARTED</arg>
<kw name="Count Tasks" library="CeleryMonitor">
<var>${count}</var>
<arg>${task_type}</arg>
<msg timestamp="20221213 14:11:01.335" level="INFO">Counting tasks of type task-started: 0</msg>
<msg timestamp="20221213 14:11:01.335" level="INFO">${count} = 0</msg>
<status status="PASS" starttime="20221213 14:11:01.334" endtime="20221213 14:11:01.335"/>
</kw>
<kw name="Should Be Equal As Integers" library="BuiltIn">
<arg>${count}</arg>
<arg>0</arg>
<doc>Fails if objects are unequal after converting them to integers.</doc>
<msg timestamp="20221213 14:11:01.335" level="INFO">Argument types are:
&lt;class 'int'&gt;
&lt;class 'str'&gt;</msg>
<status status="PASS" starttime="20221213 14:11:01.335" endtime="20221213 14:11:01.335"/>
</kw>
<status status="PASS" starttime="20221213 14:11:01.334" endtime="20221213 14:11:01.335"/>
</kw>
<status status="PASS" starttime="20221213 14:11:01.334" endtime="20221213 14:11:01.335"/>
</kw>
<status status="PASS" starttime="20221213 14:11:01.330" endtime="20221213 14:11:01.335"/>
</kw>
<kw name="Wait For XTDB Synced" library="robot">
<kw name="GET" library="RequestsLibrary">
<var>${response}</var>
<arg>${XTDB_URI}/sync</arg>
<doc>Sends a GET request.</doc>
<msg timestamp="20221213 14:11:01.342" level="INFO">GET Request : url=http://localhost:29002/_xtdb/sync 
 path_url=/_xtdb/sync 
 headers={'User-Agent': 'python-requests/2.28.1', 'Accept-Encoding': 'gzip, deflate', 'Accept': '*/*', 'Connection': 'keep-alive'} 
 body=None 
 </msg>
<msg timestamp="20221213 14:11:01.342" level="INFO">GET Response : url=http://localhost:29002/_xtdb/sync 
 status=200, reason=OK 
 headers={'Last-Modified': 'Tue, 13 Dec 2022 13:11:01 GMT', 'Content-Type': 'application/edn; charset=utf-8', 'Content-Length': '57', 'Server': 'Jetty(9.4.43.v20210629)'} 
 body={:xtdb.api/tx-time #inst "2022-12-13T13:11:01.322-00:00"} 
 </msg>
<msg timestamp="20221213 14:11:01.342" level="INFO">${response} = &lt;Response [200]&gt;</msg>
<status status="PASS" starttime="20221213 14:11:01.336" endtime="20221213 14:11:01.342"/>
</kw>
<status status="PASS" starttime="20221213 14:11:01.335" endtime="20221213 14:11:01.342"/>
</kw>
<status status="PASS" starttime="20221213 14:11:01.330" endtime="20221213 14:11:01.343"/>
</kw>
<status status="PASS" starttime="20221213 14:11:01.167" endtime="20221213 14:11:01.343"/>
</kw>
<kw name="Verify Scan Level">
<arg>${REF_HOSTNAME}</arg>
<arg>${4}</arg>
<kw name="GET" library="RequestsLibrary">
<var>${response}</var>
<arg>${OCTOPOES_URI}/object</arg>
<arg>params=reference=${reference}</arg>
<doc>Sends a GET request.</doc>
<msg timestamp="20221213 14:11:01.378" level="INFO">GET Request : url=http://localhost:29000/_dev/object?reference=Hostname%7Cinternet%7Cexample.com 
 path_url=/_dev/object?reference=Hostname%7Cinternet%7Cexample.com 
 headers={'User-Agent': 'python-requests/2.28.1', 'Accept-Encoding': 'gzip, deflate', 'Accept': '*/*', 'Connection': 'keep-alive'} 
 body=None 
 </msg>
<msg timestamp="20221213 14:11:01.378" level="INFO">GET Response : url=http://localhost:29000/_dev/object?reference=Hostname%7Cinternet%7Cexample.com 
 status=200, reason=OK 
 headers={'date': 'Tue, 13 Dec 2022 13:11:00 GMT', 'server': 'uvicorn', 'content-length': '280', 'content-type': 'application/json'} 
 body={"object_type":"Hostname","scan_profile":{"reference":"Hostname|internet|example.com","level":4,"scan_profile_type":"declared"},"primary_key":"Hostname|internet|example.com","network":"Network|internet","name":"example.com","fqdn":"Hostname|internet|example.com.","dns_zone":null} 
 </msg>
<msg timestamp="20221213 14:11:01.378" level="INFO">${response} = &lt;Response [200]&gt;</msg>
<status status="PASS" starttime="20221213 14:11:01.344" endtime="20221213 14:11:01.378"/>
</kw>
<kw name="Should Be Equal As Integers" library="BuiltIn">
<arg>${response.status_code}</arg>
<arg>200</arg>
<doc>Fails if objects are unequal after converting them to integers.</doc>
<msg timestamp="20221213 14:11:01.379" level="INFO">Argument types are:
&lt;class 'int'&gt;
&lt;class 'str'&gt;</msg>
<status status="PASS" starttime="20221213 14:11:01.378" endtime="20221213 14:11:01.379"/>
</kw>
<kw name="Should Be Equal" library="BuiltIn">
<arg>${response.headers["content-type"]}</arg>
<arg>application/json</arg>
<doc>Fails if the given objects are unequal.</doc>
<status status="PASS" starttime="20221213 14:11:01.379" endtime="20221213 14:11:01.380"/>
</kw>
<kw name="Set Variable" library="BuiltIn">
<var>${response_data}</var>
<arg>${response.json()}</arg>
<doc>Returns the given values which can then be assigned to a variables.</doc>
<msg timestamp="20221213 14:11:01.382" level="INFO">${response_data} = {'object_type': 'Hostname', 'scan_profile': {'reference': 'Hostname|internet|example.com', 'level': 4, 'scan_profile_type': 'declared'}, 'primary_key': 'Hostname|internet|example.com', 'network': 'Net...</msg>
<status status="PASS" starttime="20221213 14:11:01.381" endtime="20221213 14:11:01.382"/>
</kw>
<kw name="Should Be Equal" library="BuiltIn">
<arg>${response_data["primary_key"]}</arg>
<arg>${reference}</arg>
<doc>Fails if the given objects are unequal.</doc>
<status status="PASS" starttime="20221213 14:11:01.382" endtime="20221213 14:11:01.383"/>
</kw>
<kw name="Should Be Equal As Integers" library="BuiltIn">
<arg>${response_data["scan_profile"]["level"]}</arg>
<arg>${scan_level}</arg>
<arg>Scan Level of ${reference} should be ${scan_level} in the database</arg>
<doc>Fails if objects are unequal after converting them to integers.</doc>
<status status="PASS" starttime="20221213 14:11:01.383" endtime="20221213 14:11:01.384"/>
</kw>
<status status="PASS" starttime="20221213 14:11:01.343" endtime="20221213 14:11:01.385"/>
</kw>
<kw name="Verify Scan Level">
<arg>${REF_IPADDR}</arg>
<arg>${2}</arg>
<kw name="GET" library="RequestsLibrary">
<var>${response}</var>
<arg>${OCTOPOES_URI}/object</arg>
<arg>params=reference=${reference}</arg>
<doc>Sends a GET request.</doc>
<msg timestamp="20221213 14:11:01.422" level="INFO">GET Request : url=http://localhost:29000/_dev/object?reference=IPAddressV4%7Cinternet%7C1.1.1.1 
 path_url=/_dev/object?reference=IPAddressV4%7Cinternet%7C1.1.1.1 
 headers={'User-Agent': 'python-requests/2.28.1', 'Accept-Encoding': 'gzip, deflate', 'Accept': '*/*', 'Connection': 'keep-alive'} 
 body=None 
 </msg>
<msg timestamp="20221213 14:11:01.422" level="INFO">GET Response : url=http://localhost:29000/_dev/object?reference=IPAddressV4%7Cinternet%7C1.1.1.1 
 status=200, reason=OK 
 headers={'date': 'Tue, 13 Dec 2022 13:11:01 GMT', 'server': 'uvicorn', 'content-length': '224', 'content-type': 'application/json'} 
 body={"object_type":"IPAddressV4","scan_profile":{"reference":"IPAddressV4|internet|1.1.1.1","level":2,"scan_profile_type":"declared"},"primary_key":"IPAddressV4|internet|1.1.1.1","address":"1.1.1.1","network":"Network|internet"} 
 </msg>
<msg timestamp="20221213 14:11:01.422" level="INFO">${response} = &lt;Response [200]&gt;</msg>
<status status="PASS" starttime="20221213 14:11:01.386" endtime="20221213 14:11:01.422"/>
</kw>
<kw name="Should Be Equal As Integers" library="BuiltIn">
<arg>${response.status_code}</arg>
<arg>200</arg>
<doc>Fails if objects are unequal after converting them to integers.</doc>
<msg timestamp="20221213 14:11:01.423" level="INFO">Argument types are:
&lt;class 'int'&gt;
&lt;class 'str'&gt;</msg>
<status status="PASS" starttime="20221213 14:11:01.422" endtime="20221213 14:11:01.423"/>
</kw>
<kw name="Should Be Equal" library="BuiltIn">
<arg>${response.headers["content-type"]}</arg>
<arg>application/json</arg>
<doc>Fails if the given objects are unequal.</doc>
<status status="PASS" starttime="20221213 14:11:01.424" endtime="20221213 14:11:01.425"/>
</kw>
<kw name="Set Variable" library="BuiltIn">
<var>${response_data}</var>
<arg>${response.json()}</arg>
<doc>Returns the given values which can then be assigned to a variables.</doc>
<msg timestamp="20221213 14:11:01.426" level="INFO">${response_data} = {'object_type': 'IPAddressV4', 'scan_profile': {'reference': 'IPAddressV4|internet|1.1.1.1', 'level': 2, 'scan_profile_type': 'declared'}, 'primary_key': 'IPAddressV4|internet|1.1.1.1', 'address': '1....</msg>
<status status="PASS" starttime="20221213 14:11:01.425" endtime="20221213 14:11:01.426"/>
</kw>
<kw name="Should Be Equal" library="BuiltIn">
<arg>${response_data["primary_key"]}</arg>
<arg>${reference}</arg>
<doc>Fails if the given objects are unequal.</doc>
<status status="PASS" starttime="20221213 14:11:01.426" endtime="20221213 14:11:01.427"/>
</kw>
<kw name="Should Be Equal As Integers" library="BuiltIn">
<arg>${response_data["scan_profile"]["level"]}</arg>
<arg>${scan_level}</arg>
<arg>Scan Level of ${reference} should be ${scan_level} in the database</arg>
<doc>Fails if objects are unequal after converting them to integers.</doc>
<status status="PASS" starttime="20221213 14:11:01.427" endtime="20221213 14:11:01.428"/>
</kw>
<status status="PASS" starttime="20221213 14:11:01.385" endtime="20221213 14:11:01.428"/>
</kw>
<kw name="Verify Scan Level">
<arg>${REF_RESOLVEDHOSTNAME}</arg>
<arg>${4}</arg>
<kw name="GET" library="RequestsLibrary">
<var>${response}</var>
<arg>${OCTOPOES_URI}/object</arg>
<arg>params=reference=${reference}</arg>
<doc>Sends a GET request.</doc>
<msg timestamp="20221213 14:11:01.472" level="INFO">GET Request : url=http://localhost:29000/_dev/object?reference=ResolvedHostname%7Cinternet%7Cexample.com%7Cinternet%7C1.1.1.1 
 path_url=/_dev/object?reference=ResolvedHostname%7Cinternet%7Cexample.com%7Cinternet%7C1.1.1.1 
 headers={'User-Agent': 'python-requests/2.28.1', 'Accept-Encoding': 'gzip, deflate', 'Accept': '*/*', 'Connection': 'keep-alive'} 
 body=None 
 </msg>
<msg timestamp="20221213 14:11:01.472" level="INFO">GET Response : url=http://localhost:29000/_dev/object?reference=ResolvedHostname%7Cinternet%7Cexample.com%7Cinternet%7C1.1.1.1 
 status=200, reason=OK 
 headers={'date': 'Tue, 13 Dec 2022 13:11:01 GMT', 'server': 'uvicorn', 'content-length': '317', 'content-type': 'application/json'} 
 body={"object_type":"ResolvedHostname","scan_profile":{"reference":"ResolvedHostname|internet|example.com|internet|1.1.1.1","level":4,"scan_profile_type":"inherited"},"primary_key":"ResolvedHostname|internet|example.com|internet|1.1.1.1","hostname":"Hostname|internet|example.com","address":"IPAddressV4|internet|1.1.1.1"} 
 </msg>
<msg timestamp="20221213 14:11:01.472" level="INFO">${response} = &lt;Response [200]&gt;</msg>
<status status="PASS" starttime="20221213 14:11:01.429" endtime="20221213 14:11:01.472"/>
</kw>
<kw name="Should Be Equal As Integers" library="BuiltIn">
<arg>${response.status_code}</arg>
<arg>200</arg>
<doc>Fails if objects are unequal after converting them to integers.</doc>
<msg timestamp="20221213 14:11:01.474" level="INFO">Argument types are:
&lt;class 'int'&gt;
&lt;class 'str'&gt;</msg>
<status status="PASS" starttime="20221213 14:11:01.473" endtime="20221213 14:11:01.474"/>
</kw>
<kw name="Should Be Equal" library="BuiltIn">
<arg>${response.headers["content-type"]}</arg>
<arg>application/json</arg>
<doc>Fails if the given objects are unequal.</doc>
<status status="PASS" starttime="20221213 14:11:01.475" endtime="20221213 14:11:01.476"/>
</kw>
<kw name="Set Variable" library="BuiltIn">
<var>${response_data}</var>
<arg>${response.json()}</arg>
<doc>Returns the given values which can then be assigned to a variables.</doc>
<msg timestamp="20221213 14:11:01.477" level="INFO">${response_data} = {'object_type': 'ResolvedHostname', 'scan_profile': {'reference': 'ResolvedHostname|internet|example.com|internet|1.1.1.1', 'level': 4, 'scan_profile_type': 'inherited'}, 'primary_key': 'ResolvedHostn...</msg>
<status status="PASS" starttime="20221213 14:11:01.476" endtime="20221213 14:11:01.477"/>
</kw>
<kw name="Should Be Equal" library="BuiltIn">
<arg>${response_data["primary_key"]}</arg>
<arg>${reference}</arg>
<doc>Fails if the given objects are unequal.</doc>
<status status="PASS" starttime="20221213 14:11:01.477" endtime="20221213 14:11:01.478"/>
</kw>
<kw name="Should Be Equal As Integers" library="BuiltIn">
<arg>${response_data["scan_profile"]["level"]}</arg>
<arg>${scan_level}</arg>
<arg>Scan Level of ${reference} should be ${scan_level} in the database</arg>
<doc>Fails if objects are unequal after converting them to integers.</doc>
<status status="PASS" starttime="20221213 14:11:01.479" endtime="20221213 14:11:01.480"/>
</kw>
<status status="PASS" starttime="20221213 14:11:01.428" endtime="20221213 14:11:01.480"/>
</kw>
<kw name="Verify Scan Profile Increment Queue">
<arg>${REF_HOSTNAME}</arg>
<arg>${4}</arg>
<kw name="Get Messages From Queue" library="robot">
<var>${messages}</var>
<arg>${SCAN_PROFILE_INCREMENT_QUEUE}</arg>
<arg>ack_requeue_true</arg>
<kw name="Create Dictionary" library="BuiltIn">
<var>&amp;{data}</var>
<arg>count=10000</arg>
<arg>ackmode=${ackmode}</arg>
<arg>encoding=auto</arg>
<arg>truncate=50000</arg>
<doc>Creates and returns a dictionary based on the given ``items``.</doc>
<msg timestamp="20221213 14:11:01.483" level="INFO">&amp;{data} = { count=10000 | ackmode=ack_requeue_true | encoding=auto | truncate=50000 }</msg>
<status status="PASS" starttime="20221213 14:11:01.482" endtime="20221213 14:11:01.483"/>
</kw>
<kw name="POST" library="RequestsLibrary">
<var>${response}</var>
<arg>${RABBIT_MQ_API_URI}/queues/kat/${queue}/get</arg>
<arg>json=${data}</arg>
<doc>Sends a POST request.</doc>
<msg timestamp="20221213 14:11:01.510" level="INFO">POST Request : url=http://ci_user:ci_pass@localhost:29003/api/queues/kat/_dev__scan_profile_increments/get 
 path_url=/api/queues/kat/_dev__scan_profile_increments/get 
 headers={'User-Agent': 'python-requests/2.28.1', 'Accept-Encoding': 'gzip, deflate', 'Accept': '*/*', 'Connection': 'keep-alive', 'Content-Length': '90', 'Content-Type': 'application/json', 'Authorization': 'Basic Y2lfdXNlcjpjaV9wYXNz'} 
 body=b'{"count": "10000", "ackmode": "ack_requeue_true", "encoding": "auto", "truncate": "50000"}' 
 </msg>
<msg timestamp="20221213 14:11:01.510" level="INFO">POST Response : url=http://ci_user:ci_pass@localhost:29003/api/queues/kat/_dev__scan_profile_increments/get 
 status=200, reason=OK 
 headers={'cache-control': 'no-cache', 'content-encoding': 'gzip', 'content-length': '364', 'content-security-policy': "script-src 'self' 'unsafe-eval' 'unsafe-inline'; object-src 'self'", 'content-type': 'application/json', 'date': 'Tue, 13 Dec 2022 13:11:01 GMT', 'server': 'Cowboy', 'vary': 'accept, accept-encoding, origin'} 
 body=[{"payload_bytes":184,"redelivered":false,"exchange":"","routing_key":"_dev__scan_profile_increments","message_count":3,"properties":{"delivery_mode":2},"payload":"{\"primary_key\": \"Hostname|internet|example.com\", \"object_type\": \"Hostname\", \"scan_profile\": {\"reference\": \"Hostname|internet|example.com\", \"level\": 4, \"scan_profile_type\": \"declared\"}}","payload_encoding":"string"},{"payload_bytes":185,"redelivered":false,"exchange":"","routing_key":"_dev__scan_profile_increments","message_count":2,"properties":{"delivery_mode":2},"payload":"{\"primary_key\": \"IPAddressV4|internet|1.1.1.1\", \"object_type\": \"IPAddressV4\", \"scan_profile\": {\"reference\": \"IPAddressV4|internet|1.1.1.1\", \"level\": 2, \"scan_profile_type\": \"declared\"}}","payload_encoding":"string"},{"payload_bytes":243,"redelivered":false,"exchange":"","routing_key":"_dev__scan_profile_increments","message_count":1,"properties":{"delivery_mode":2},"payload":"{\"primary_key\": \"ResolvedHostname|internet|example.com|internet|1.1.1.1\", \"object_type\": \"ResolvedHostname\", \"scan_profile\": {\"reference\": \"ResolvedHostname|internet|example.com|internet|1.1.1.1\", \"level\": 4, \"scan_profile_type\": \"inherited\"}}","payload_encoding":"string"},{"payload_bytes":185,"redelivered":false,"exchange":"","routing_key":"_dev__scan_profile_increments","message_count":0,"properties":{"delivery_mode":2},"payload":"{\"primary_key\": \"IPPort|internet|1.1.1.1|tcp|80\", \"object_type\": \"IPPort\", \"scan_profile\": {\"reference\": \"IPPort|internet|1.1.1.1|tcp|80\", \"level\": 2, \"scan_profile_type\": \"inherited\"}}","payload_encoding":"string"}] 
 </msg>
<msg timestamp="20221213 14:11:01.510" level="INFO">${response} = &lt;Response [200]&gt;</msg>
<status status="PASS" starttime="20221213 14:11:01.483" endtime="20221213 14:11:01.511"/>
</kw>
<return>
<value>${response.json()}</value>
<status status="PASS" starttime="20221213 14:11:01.511" endtime="20221213 14:11:01.511"/>
</return>
<msg timestamp="20221213 14:11:01.512" level="INFO">${messages} = [{'payload_bytes': 184, 'redelivered': False, 'exchange': '', 'routing_key': '_dev__scan_profile_increments', 'message_count': 3, 'properties': {'delivery_mode': 2}, 'payload': '{"primary_key": "Hostn...</msg>
<status status="PASS" starttime="20221213 14:11:01.481" endtime="20221213 14:11:01.512"/>
</kw>
<for flavor="IN">
<var>${message}</var>
<value>@{messages}</value>
<iter>
<var name="${message}">{'payload_bytes': 184, 'redelivered': False, 'exchange': '', 'routing_key': '_dev__scan_profile_increments', 'message_count': 3, 'properties': {'delivery_mode': 2}, 'payload': '{"primary_key": "Hostna...</var>
<kw name="Evaluate" library="BuiltIn">
<var>${payload}</var>
<arg>json.loads("""${message["payload"]}""")</arg>
<arg>json</arg>
<doc>Evaluates the given expression in Python and returns the result.</doc>
<msg timestamp="20221213 14:11:01.514" level="INFO">${payload} = {'primary_key': 'Hostname|internet|example.com', 'object_type': 'Hostname', 'scan_profile': {'reference': 'Hostname|internet|example.com', 'level': 4, 'scan_profile_type': 'declared'}}</msg>
<status status="PASS" starttime="20221213 14:11:01.513" endtime="20221213 14:11:01.514"/>
</kw>
<if>
<branch type="IF" condition="&quot;${payload['primary_key']}&quot; == &quot;${reference}&quot;">
<kw name="Should Be Equal As Integers" library="BuiltIn">
<arg>${payload["scan_profile"]["level"]}</arg>
<arg>${scan_level}</arg>
<arg>Scan Level of ${reference} should be ${scan_level} in the increment queue</arg>
<doc>Fails if objects are unequal after converting them to integers.</doc>
<status status="PASS" starttime="20221213 14:11:01.515" endtime="20221213 14:11:01.516"/>
</kw>
<kw name="Split String" library="String">
<var>@{reference_parts}</var>
<arg>${reference}</arg>
<arg>|</arg>
<doc>Splits the ``string`` using ``separator`` as a delimiter string.</doc>
<msg timestamp="20221213 14:11:01.517" level="INFO">@{reference_parts} = [ Hostname | internet | example.com ]</msg>
<status status="PASS" starttime="20221213 14:11:01.517" endtime="20221213 14:11:01.517"/>
</kw>
<kw name="Should Be Equal" library="BuiltIn">
<arg>${payload["object_type"]}</arg>
<arg>${reference_parts}[0]</arg>
<doc>Fails if the given objects are unequal.</doc>
<status status="PASS" starttime="20221213 14:11:01.517" endtime="20221213 14:11:01.518"/>
</kw>
<return>
<status status="PASS" starttime="20221213 14:11:01.518" endtime="20221213 14:11:01.518"/>
</return>
<status status="PASS" starttime="20221213 14:11:01.515" endtime="20221213 14:11:01.518"/>
</branch>
<status status="PASS" starttime="20221213 14:11:01.514" endtime="20221213 14:11:01.518"/>
</if>
<status status="PASS" starttime="20221213 14:11:01.513" endtime="20221213 14:11:01.518"/>
</iter>
<status status="PASS" starttime="20221213 14:11:01.512" endtime="20221213 14:11:01.518"/>
</for>
<kw name="Fail" library="BuiltIn">
<arg>Scan Level of ${reference} should be incremented to ${scan_level}</arg>
<doc>Fails the test with the given message and optionally alters its tags.</doc>
<status status="NOT RUN" starttime="20221213 14:11:01.518" endtime="20221213 14:11:01.518"/>
</kw>
<status status="PASS" starttime="20221213 14:11:01.480" endtime="20221213 14:11:01.518"/>
</kw>
<kw name="Verify Scan Profile Increment Queue">
<arg>${REF_IPADDR}</arg>
<arg>${2}</arg>
<kw name="Get Messages From Queue" library="robot">
<var>${messages}</var>
<arg>${SCAN_PROFILE_INCREMENT_QUEUE}</arg>
<arg>ack_requeue_true</arg>
<kw name="Create Dictionary" library="BuiltIn">
<var>&amp;{data}</var>
<arg>count=10000</arg>
<arg>ackmode=${ackmode}</arg>
<arg>encoding=auto</arg>
<arg>truncate=50000</arg>
<doc>Creates and returns a dictionary based on the given ``items``.</doc>
<msg timestamp="20221213 14:11:01.521" level="INFO">&amp;{data} = { count=10000 | ackmode=ack_requeue_true | encoding=auto | truncate=50000 }</msg>
<status status="PASS" starttime="20221213 14:11:01.520" endtime="20221213 14:11:01.521"/>
</kw>
<kw name="POST" library="RequestsLibrary">
<var>${response}</var>
<arg>${RABBIT_MQ_API_URI}/queues/kat/${queue}/get</arg>
<arg>json=${data}</arg>
<doc>Sends a POST request.</doc>
<msg timestamp="20221213 14:11:01.537" level="INFO">POST Request : url=http://ci_user:ci_pass@localhost:29003/api/queues/kat/_dev__scan_profile_increments/get 
 path_url=/api/queues/kat/_dev__scan_profile_increments/get 
 headers={'User-Agent': 'python-requests/2.28.1', 'Accept-Encoding': 'gzip, deflate', 'Accept': '*/*', 'Connection': 'keep-alive', 'Content-Length': '90', 'Content-Type': 'application/json', 'Authorization': 'Basic Y2lfdXNlcjpjaV9wYXNz'} 
 body=b'{"count": "10000", "ackmode": "ack_requeue_true", "encoding": "auto", "truncate": "50000"}' 
 </msg>
<msg timestamp="20221213 14:11:01.537" level="INFO">POST Response : url=http://ci_user:ci_pass@localhost:29003/api/queues/kat/_dev__scan_profile_increments/get 
 status=200, reason=OK 
 headers={'cache-control': 'no-cache', 'content-encoding': 'gzip', 'content-length': '364', 'content-security-policy': "script-src 'self' 'unsafe-eval' 'unsafe-inline'; object-src 'self'", 'content-type': 'application/json', 'date': 'Tue, 13 Dec 2022 13:11:01 GMT', 'server': 'Cowboy', 'vary': 'accept, accept-encoding, origin'} 
 body=[{"payload_bytes":184,"redelivered":true,"exchange":"","routing_key":"_dev__scan_profile_increments","message_count":3,"properties":{"delivery_mode":2},"payload":"{\"primary_key\": \"Hostname|internet|example.com\", \"object_type\": \"Hostname\", \"scan_profile\": {\"reference\": \"Hostname|internet|example.com\", \"level\": 4, \"scan_profile_type\": \"declared\"}}","payload_encoding":"string"},{"payload_bytes":185,"redelivered":true,"exchange":"","routing_key":"_dev__scan_profile_increments","message_count":2,"properties":{"delivery_mode":2},"payload":"{\"primary_key\": \"IPAddressV4|internet|1.1.1.1\", \"object_type\": \"IPAddressV4\", \"scan_profile\": {\"reference\": \"IPAddressV4|internet|1.1.1.1\", \"level\": 2, \"scan_profile_type\": \"declared\"}}","payload_encoding":"string"},{"payload_bytes":243,"redelivered":true,"exchange":"","routing_key":"_dev__scan_profile_increments","message_count":1,"properties":{"delivery_mode":2},"payload":"{\"primary_key\": \"ResolvedHostname|internet|example.com|internet|1.1.1.1\", \"object_type\": \"ResolvedHostname\", \"scan_profile\": {\"reference\": \"ResolvedHostname|internet|example.com|internet|1.1.1.1\", \"level\": 4, \"scan_profile_type\": \"inherited\"}}","payload_encoding":"string"},{"payload_bytes":185,"redelivered":true,"exchange":"","routing_key":"_dev__scan_profile_increments","message_count":0,"properties":{"delivery_mode":2},"payload":"{\"primary_key\": \"IPPort|internet|1.1.1.1|tcp|80\", \"object_type\": \"IPPort\", \"scan_profile\": {\"reference\": \"IPPort|internet|1.1.1.1|tcp|80\", \"level\": 2, \"scan_profile_type\": \"inherited\"}}","payload_encoding":"string"}] 
 </msg>
<msg timestamp="20221213 14:11:01.538" level="INFO">${response} = &lt;Response [200]&gt;</msg>
<status status="PASS" starttime="20221213 14:11:01.521" endtime="20221213 14:11:01.538"/>
</kw>
<return>
<value>${response.json()}</value>
<status status="PASS" starttime="20221213 14:11:01.538" endtime="20221213 14:11:01.538"/>
</return>
<msg timestamp="20221213 14:11:01.539" level="INFO">${messages} = [{'payload_bytes': 184, 'redelivered': True, 'exchange': '', 'routing_key': '_dev__scan_profile_increments', 'message_count': 3, 'properties': {'delivery_mode': 2}, 'payload': '{"primary_key": "Hostna...</msg>
<status status="PASS" starttime="20221213 14:11:01.520" endtime="20221213 14:11:01.539"/>
</kw>
<for flavor="IN">
<var>${message}</var>
<value>@{messages}</value>
<iter>
<var name="${message}">{'payload_bytes': 184, 'redelivered': True, 'exchange': '', 'routing_key': '_dev__scan_profile_increments', 'message_count': 3, 'properties': {'delivery_mode': 2}, 'payload': '{"primary_key": "Hostnam...</var>
<kw name="Evaluate" library="BuiltIn">
<var>${payload}</var>
<arg>json.loads("""${message["payload"]}""")</arg>
<arg>json</arg>
<doc>Evaluates the given expression in Python and returns the result.</doc>
<msg timestamp="20221213 14:11:01.541" level="INFO">${payload} = {'primary_key': 'Hostname|internet|example.com', 'object_type': 'Hostname', 'scan_profile': {'reference': 'Hostname|internet|example.com', 'level': 4, 'scan_profile_type': 'declared'}}</msg>
<status status="PASS" starttime="20221213 14:11:01.540" endtime="20221213 14:11:01.541"/>
</kw>
<if>
<branch type="IF" condition="&quot;${payload['primary_key']}&quot; == &quot;${reference}&quot;">
<kw name="Should Be Equal As Integers" library="BuiltIn">
<arg>${payload["scan_profile"]["level"]}</arg>
<arg>${scan_level}</arg>
<arg>Scan Level of ${reference} should be ${scan_level} in the increment queue</arg>
<doc>Fails if objects are unequal after converting them to integers.</doc>
<status status="NOT RUN" starttime="20221213 14:11:01.542" endtime="20221213 14:11:01.542"/>
</kw>
<kw name="Split String" library="String">
<var>@{reference_parts}</var>
<arg>${reference}</arg>
<arg>|</arg>
<doc>Splits the ``string`` using ``separator`` as a delimiter string.</doc>
<status status="NOT RUN" starttime="20221213 14:11:01.542" endtime="20221213 14:11:01.542"/>
</kw>
<kw name="Should Be Equal" library="BuiltIn">
<arg>${payload["object_type"]}</arg>
<arg>${reference_parts}[0]</arg>
<doc>Fails if the given objects are unequal.</doc>
<status status="NOT RUN" starttime="20221213 14:11:01.542" endtime="20221213 14:11:01.542"/>
</kw>
<return>
<status status="NOT RUN" starttime="20221213 14:11:01.542" endtime="20221213 14:11:01.543"/>
</return>
<status status="NOT RUN" starttime="20221213 14:11:01.542" endtime="20221213 14:11:01.543"/>
</branch>
<status status="PASS" starttime="20221213 14:11:01.541" endtime="20221213 14:11:01.543"/>
</if>
<status status="PASS" starttime="20221213 14:11:01.540" endtime="20221213 14:11:01.543"/>
</iter>
<iter>
<var name="${message}">{'payload_bytes': 185, 'redelivered': True, 'exchange': '', 'routing_key': '_dev__scan_profile_increments', 'message_count': 2, 'properties': {'delivery_mode': 2}, 'payload': '{"primary_key": "IPAddre...</var>
<kw name="Evaluate" library="BuiltIn">
<var>${payload}</var>
<arg>json.loads("""${message["payload"]}""")</arg>
<arg>json</arg>
<doc>Evaluates the given expression in Python and returns the result.</doc>
<msg timestamp="20221213 14:11:01.544" level="INFO">${payload} = {'primary_key': 'IPAddressV4|internet|1.1.1.1', 'object_type': 'IPAddressV4', 'scan_profile': {'reference': 'IPAddressV4|internet|1.1.1.1', 'level': 2, 'scan_profile_type': 'declared'}}</msg>
<status status="PASS" starttime="20221213 14:11:01.543" endtime="20221213 14:11:01.544"/>
</kw>
<if>
<branch type="IF" condition="&quot;${payload['primary_key']}&quot; == &quot;${reference}&quot;">
<kw name="Should Be Equal As Integers" library="BuiltIn">
<arg>${payload["scan_profile"]["level"]}</arg>
<arg>${scan_level}</arg>
<arg>Scan Level of ${reference} should be ${scan_level} in the increment queue</arg>
<doc>Fails if objects are unequal after converting them to integers.</doc>
<status status="PASS" starttime="20221213 14:11:01.544" endtime="20221213 14:11:01.545"/>
</kw>
<kw name="Split String" library="String">
<var>@{reference_parts}</var>
<arg>${reference}</arg>
<arg>|</arg>
<doc>Splits the ``string`` using ``separator`` as a delimiter string.</doc>
<msg timestamp="20221213 14:11:01.545" level="INFO">@{reference_parts} = [ IPAddressV4 | internet | 1.1.1.1 ]</msg>
<status status="PASS" starttime="20221213 14:11:01.545" endtime="20221213 14:11:01.545"/>
</kw>
<kw name="Should Be Equal" library="BuiltIn">
<arg>${payload["object_type"]}</arg>
<arg>${reference_parts}[0]</arg>
<doc>Fails if the given objects are unequal.</doc>
<status status="PASS" starttime="20221213 14:11:01.546" endtime="20221213 14:11:01.546"/>
</kw>
<return>
<status status="PASS" starttime="20221213 14:11:01.546" endtime="20221213 14:11:01.546"/>
</return>
<status status="PASS" starttime="20221213 14:11:01.544" endtime="20221213 14:11:01.547"/>
</branch>
<status status="PASS" starttime="20221213 14:11:01.544" endtime="20221213 14:11:01.547"/>
</if>
<status status="PASS" starttime="20221213 14:11:01.543" endtime="20221213 14:11:01.547"/>
</iter>
<status status="PASS" starttime="20221213 14:11:01.540" endtime="20221213 14:11:01.547"/>
</for>
<kw name="Fail" library="BuiltIn">
<arg>Scan Level of ${reference} should be incremented to ${scan_level}</arg>
<doc>Fails the test with the given message and optionally alters its tags.</doc>
<status status="NOT RUN" starttime="20221213 14:11:01.547" endtime="20221213 14:11:01.547"/>
</kw>
<status status="PASS" starttime="20221213 14:11:01.519" endtime="20221213 14:11:01.547"/>
</kw>
<kw name="Verify Scan Profile Increment Queue">
<arg>${REF_RESOLVEDHOSTNAME}</arg>
<arg>${4}</arg>
<kw name="Get Messages From Queue" library="robot">
<var>${messages}</var>
<arg>${SCAN_PROFILE_INCREMENT_QUEUE}</arg>
<arg>ack_requeue_true</arg>
<kw name="Create Dictionary" library="BuiltIn">
<var>&amp;{data}</var>
<arg>count=10000</arg>
<arg>ackmode=${ackmode}</arg>
<arg>encoding=auto</arg>
<arg>truncate=50000</arg>
<doc>Creates and returns a dictionary based on the given ``items``.</doc>
<msg timestamp="20221213 14:11:01.549" level="INFO">&amp;{data} = { count=10000 | ackmode=ack_requeue_true | encoding=auto | truncate=50000 }</msg>
<status status="PASS" starttime="20221213 14:11:01.548" endtime="20221213 14:11:01.549"/>
</kw>
<kw name="POST" library="RequestsLibrary">
<var>${response}</var>
<arg>${RABBIT_MQ_API_URI}/queues/kat/${queue}/get</arg>
<arg>json=${data}</arg>
<doc>Sends a POST request.</doc>
<msg timestamp="20221213 14:11:01.560" level="INFO">POST Request : url=http://ci_user:ci_pass@localhost:29003/api/queues/kat/_dev__scan_profile_increments/get 
 path_url=/api/queues/kat/_dev__scan_profile_increments/get 
 headers={'User-Agent': 'python-requests/2.28.1', 'Accept-Encoding': 'gzip, deflate', 'Accept': '*/*', 'Connection': 'keep-alive', 'Content-Length': '90', 'Content-Type': 'application/json', 'Authorization': 'Basic Y2lfdXNlcjpjaV9wYXNz'} 
 body=b'{"count": "10000", "ackmode": "ack_requeue_true", "encoding": "auto", "truncate": "50000"}' 
 </msg>
<msg timestamp="20221213 14:11:01.560" level="INFO">POST Response : url=http://ci_user:ci_pass@localhost:29003/api/queues/kat/_dev__scan_profile_increments/get 
 status=200, reason=OK 
 headers={'cache-control': 'no-cache', 'content-encoding': 'gzip', 'content-length': '364', 'content-security-policy': "script-src 'self' 'unsafe-eval' 'unsafe-inline'; object-src 'self'", 'content-type': 'application/json', 'date': 'Tue, 13 Dec 2022 13:11:01 GMT', 'server': 'Cowboy', 'vary': 'accept, accept-encoding, origin'} 
 body=[{"payload_bytes":184,"redelivered":true,"exchange":"","routing_key":"_dev__scan_profile_increments","message_count":3,"properties":{"delivery_mode":2},"payload":"{\"primary_key\": \"Hostname|internet|example.com\", \"object_type\": \"Hostname\", \"scan_profile\": {\"reference\": \"Hostname|internet|example.com\", \"level\": 4, \"scan_profile_type\": \"declared\"}}","payload_encoding":"string"},{"payload_bytes":185,"redelivered":true,"exchange":"","routing_key":"_dev__scan_profile_increments","message_count":2,"properties":{"delivery_mode":2},"payload":"{\"primary_key\": \"IPAddressV4|internet|1.1.1.1\", \"object_type\": \"IPAddressV4\", \"scan_profile\": {\"reference\": \"IPAddressV4|internet|1.1.1.1\", \"level\": 2, \"scan_profile_type\": \"declared\"}}","payload_encoding":"string"},{"payload_bytes":243,"redelivered":true,"exchange":"","routing_key":"_dev__scan_profile_increments","message_count":1,"properties":{"delivery_mode":2},"payload":"{\"primary_key\": \"ResolvedHostname|internet|example.com|internet|1.1.1.1\", \"object_type\": \"ResolvedHostname\", \"scan_profile\": {\"reference\": \"ResolvedHostname|internet|example.com|internet|1.1.1.1\", \"level\": 4, \"scan_profile_type\": \"inherited\"}}","payload_encoding":"string"},{"payload_bytes":185,"redelivered":true,"exchange":"","routing_key":"_dev__scan_profile_increments","message_count":0,"properties":{"delivery_mode":2},"payload":"{\"primary_key\": \"IPPort|internet|1.1.1.1|tcp|80\", \"object_type\": \"IPPort\", \"scan_profile\": {\"reference\": \"IPPort|internet|1.1.1.1|tcp|80\", \"level\": 2, \"scan_profile_type\": \"inherited\"}}","payload_encoding":"string"}] 
 </msg>
<msg timestamp="20221213 14:11:01.561" level="INFO">${response} = &lt;Response [200]&gt;</msg>
<status status="PASS" starttime="20221213 14:11:01.549" endtime="20221213 14:11:01.561"/>
</kw>
<return>
<value>${response.json()}</value>
<status status="PASS" starttime="20221213 14:11:01.561" endtime="20221213 14:11:01.561"/>
</return>
<msg timestamp="20221213 14:11:01.562" level="INFO">${messages} = [{'payload_bytes': 184, 'redelivered': True, 'exchange': '', 'routing_key': '_dev__scan_profile_increments', 'message_count': 3, 'properties': {'delivery_mode': 2}, 'payload': '{"primary_key": "Hostna...</msg>
<status status="PASS" starttime="20221213 14:11:01.548" endtime="20221213 14:11:01.562"/>
</kw>
<for flavor="IN">
<var>${message}</var>
<value>@{messages}</value>
<iter>
<var name="${message}">{'payload_bytes': 184, 'redelivered': True, 'exchange': '', 'routing_key': '_dev__scan_profile_increments', 'message_count': 3, 'properties': {'delivery_mode': 2}, 'payload': '{"primary_key": "Hostnam...</var>
<kw name="Evaluate" library="BuiltIn">
<var>${payload}</var>
<arg>json.loads("""${message["payload"]}""")</arg>
<arg>json</arg>
<doc>Evaluates the given expression in Python and returns the result.</doc>
<msg timestamp="20221213 14:11:01.563" level="INFO">${payload} = {'primary_key': 'Hostname|internet|example.com', 'object_type': 'Hostname', 'scan_profile': {'reference': 'Hostname|internet|example.com', 'level': 4, 'scan_profile_type': 'declared'}}</msg>
<status status="PASS" starttime="20221213 14:11:01.562" endtime="20221213 14:11:01.563"/>
</kw>
<if>
<branch type="IF" condition="&quot;${payload['primary_key']}&quot; == &quot;${reference}&quot;">
<kw name="Should Be Equal As Integers" library="BuiltIn">
<arg>${payload["scan_profile"]["level"]}</arg>
<arg>${scan_level}</arg>
<arg>Scan Level of ${reference} should be ${scan_level} in the increment queue</arg>
<doc>Fails if objects are unequal after converting them to integers.</doc>
<status status="NOT RUN" starttime="20221213 14:11:01.564" endtime="20221213 14:11:01.564"/>
</kw>
<kw name="Split String" library="String">
<var>@{reference_parts}</var>
<arg>${reference}</arg>
<arg>|</arg>
<doc>Splits the ``string`` using ``separator`` as a delimiter string.</doc>
<status status="NOT RUN" starttime="20221213 14:11:01.564" endtime="20221213 14:11:01.564"/>
</kw>
<kw name="Should Be Equal" library="BuiltIn">
<arg>${payload["object_type"]}</arg>
<arg>${reference_parts}[0]</arg>
<doc>Fails if the given objects are unequal.</doc>
<status status="NOT RUN" starttime="20221213 14:11:01.564" endtime="20221213 14:11:01.564"/>
</kw>
<return>
<status status="NOT RUN" starttime="20221213 14:11:01.564" endtime="20221213 14:11:01.564"/>
</return>
<status status="NOT RUN" starttime="20221213 14:11:01.564" endtime="20221213 14:11:01.564"/>
</branch>
<status status="PASS" starttime="20221213 14:11:01.563" endtime="20221213 14:11:01.564"/>
</if>
<status status="PASS" starttime="20221213 14:11:01.562" endtime="20221213 14:11:01.564"/>
</iter>
<iter>
<var name="${message}">{'payload_bytes': 185, 'redelivered': True, 'exchange': '', 'routing_key': '_dev__scan_profile_increments', 'message_count': 2, 'properties': {'delivery_mode': 2}, 'payload': '{"primary_key": "IPAddre...</var>
<kw name="Evaluate" library="BuiltIn">
<var>${payload}</var>
<arg>json.loads("""${message["payload"]}""")</arg>
<arg>json</arg>
<doc>Evaluates the given expression in Python and returns the result.</doc>
<msg timestamp="20221213 14:11:01.565" level="INFO">${payload} = {'primary_key': 'IPAddressV4|internet|1.1.1.1', 'object_type': 'IPAddressV4', 'scan_profile': {'reference': 'IPAddressV4|internet|1.1.1.1', 'level': 2, 'scan_profile_type': 'declared'}}</msg>
<status status="PASS" starttime="20221213 14:11:01.564" endtime="20221213 14:11:01.566"/>
</kw>
<if>
<branch type="IF" condition="&quot;${payload['primary_key']}&quot; == &quot;${reference}&quot;">
<kw name="Should Be Equal As Integers" library="BuiltIn">
<arg>${payload["scan_profile"]["level"]}</arg>
<arg>${scan_level}</arg>
<arg>Scan Level of ${reference} should be ${scan_level} in the increment queue</arg>
<doc>Fails if objects are unequal after converting them to integers.</doc>
<status status="NOT RUN" starttime="20221213 14:11:01.566" endtime="20221213 14:11:01.567"/>
</kw>
<kw name="Split String" library="String">
<var>@{reference_parts}</var>
<arg>${reference}</arg>
<arg>|</arg>
<doc>Splits the ``string`` using ``separator`` as a delimiter string.</doc>
<status status="NOT RUN" starttime="20221213 14:11:01.567" endtime="20221213 14:11:01.567"/>
</kw>
<kw name="Should Be Equal" library="BuiltIn">
<arg>${payload["object_type"]}</arg>
<arg>${reference_parts}[0]</arg>
<doc>Fails if the given objects are unequal.</doc>
<status status="NOT RUN" starttime="20221213 14:11:01.567" endtime="20221213 14:11:01.567"/>
</kw>
<return>
<status status="NOT RUN" starttime="20221213 14:11:01.567" endtime="20221213 14:11:01.567"/>
</return>
<status status="NOT RUN" starttime="20221213 14:11:01.566" endtime="20221213 14:11:01.567"/>
</branch>
<status status="PASS" starttime="20221213 14:11:01.566" endtime="20221213 14:11:01.567"/>
</if>
<status status="PASS" starttime="20221213 14:11:01.564" endtime="20221213 14:11:01.567"/>
</iter>
<iter>
<var name="${message}">{'payload_bytes': 243, 'redelivered': True, 'exchange': '', 'routing_key': '_dev__scan_profile_increments', 'message_count': 1, 'properties': {'delivery_mode': 2}, 'payload': '{"primary_key": "Resolve...</var>
<kw name="Evaluate" library="BuiltIn">
<var>${payload}</var>
<arg>json.loads("""${message["payload"]}""")</arg>
<arg>json</arg>
<doc>Evaluates the given expression in Python and returns the result.</doc>
<msg timestamp="20221213 14:11:01.568" level="INFO">${payload} = {'primary_key': 'ResolvedHostname|internet|example.com|internet|1.1.1.1', 'object_type': 'ResolvedHostname', 'scan_profile': {'reference': 'ResolvedHostname|internet|example.com|internet|1.1.1.1', 'le...</msg>
<status status="PASS" starttime="20221213 14:11:01.567" endtime="20221213 14:11:01.568"/>
</kw>
<if>
<branch type="IF" condition="&quot;${payload['primary_key']}&quot; == &quot;${reference}&quot;">
<kw name="Should Be Equal As Integers" library="BuiltIn">
<arg>${payload["scan_profile"]["level"]}</arg>
<arg>${scan_level}</arg>
<arg>Scan Level of ${reference} should be ${scan_level} in the increment queue</arg>
<doc>Fails if objects are unequal after converting them to integers.</doc>
<status status="PASS" starttime="20221213 14:11:01.569" endtime="20221213 14:11:01.570"/>
</kw>
<kw name="Split String" library="String">
<var>@{reference_parts}</var>
<arg>${reference}</arg>
<arg>|</arg>
<doc>Splits the ``string`` using ``separator`` as a delimiter string.</doc>
<msg timestamp="20221213 14:11:01.570" level="INFO">@{reference_parts} = [ ResolvedHostname | internet | example.com | internet | 1.1.1.1 ]</msg>
<status status="PASS" starttime="20221213 14:11:01.570" endtime="20221213 14:11:01.570"/>
</kw>
<kw name="Should Be Equal" library="BuiltIn">
<arg>${payload["object_type"]}</arg>
<arg>${reference_parts}[0]</arg>
<doc>Fails if the given objects are unequal.</doc>
<status status="PASS" starttime="20221213 14:11:01.570" endtime="20221213 14:11:01.571"/>
</kw>
<return>
<status status="PASS" starttime="20221213 14:11:01.571" endtime="20221213 14:11:01.571"/>
</return>
<status status="PASS" starttime="20221213 14:11:01.569" endtime="20221213 14:11:01.571"/>
</branch>
<status status="PASS" starttime="20221213 14:11:01.568" endtime="20221213 14:11:01.571"/>
</if>
<status status="PASS" starttime="20221213 14:11:01.567" endtime="20221213 14:11:01.571"/>
</iter>
<status status="PASS" starttime="20221213 14:11:01.562" endtime="20221213 14:11:01.571"/>
</for>
<kw name="Fail" library="BuiltIn">
<arg>Scan Level of ${reference} should be incremented to ${scan_level}</arg>
<doc>Fails the test with the given message and optionally alters its tags.</doc>
<status status="NOT RUN" starttime="20221213 14:11:01.572" endtime="20221213 14:11:01.572"/>
</kw>
<status status="PASS" starttime="20221213 14:11:01.547" endtime="20221213 14:11:01.572"/>
</kw>
<kw name="Verify Scan LeveL Filter">
<arg>ge</arg>
<arg>0</arg>
<arg>${6}</arg>
<kw name="Get Valid Time Params" library="robot">
<var>${params}</var>
<kw name="Create Dictionary" library="BuiltIn">
<var>${valid_time_params}</var>
<arg>valid_time=${VALID_TIME}</arg>
<doc>Creates and returns a dictionary based on the given ``items``.</doc>
<msg timestamp="20221213 14:11:01.574" level="INFO">${valid_time_params} = {'valid_time': '2022-01-01T00:00:00+00:00'}</msg>
<status status="PASS" starttime="20221213 14:11:01.574" endtime="20221213 14:11:01.574"/>
</kw>
<return>
<value>${valid_time_params}</value>
<status status="PASS" starttime="20221213 14:11:01.574" endtime="20221213 14:11:01.574"/>
</return>
<msg timestamp="20221213 14:11:01.575" level="INFO">${params} = {'valid_time': '2022-01-01T00:00:00+00:00'}</msg>
<status status="PASS" starttime="20221213 14:11:01.573" endtime="20221213 14:11:01.575"/>
</kw>
<kw name="Create Dictionary" library="BuiltIn">
<var>${params}</var>
<arg>scan_level_operator=${operator}</arg>
<arg>scan_level=${scan_level}</arg>
<arg>valid_time=${VALID_TIME}</arg>
<doc>Creates and returns a dictionary based on the given ``items``.</doc>
<msg timestamp="20221213 14:11:01.575" level="INFO">${params} = {'scan_level_operator': 'ge', 'scan_level': '0', 'valid_time': '2022-01-01T00:00:00+00:00'}</msg>
<status status="PASS" starttime="20221213 14:11:01.575" endtime="20221213 14:11:01.575"/>
</kw>
<kw name="GET" library="RequestsLibrary">
<var>${response}</var>
<arg>${OCTOPOES_URI}/objects</arg>
<arg>params=${params}</arg>
<doc>Sends a GET request.</doc>
<msg timestamp="20221213 14:11:01.699" level="INFO">GET Request : url=http://localhost:29000/_dev/objects?scan_level_operator=ge&amp;scan_level=0&amp;valid_time=2022-01-01T00%3A00%3A00%2B00%3A00 
 path_url=/_dev/objects?scan_level_operator=ge&amp;scan_level=0&amp;valid_time=2022-01-01T00%3A00%3A00%2B00%3A00 
 headers={'User-Agent': 'python-requests/2.28.1', 'Accept-Encoding': 'gzip, deflate', 'Accept': '*/*', 'Connection': 'keep-alive'} 
 body=None 
 </msg>
<msg timestamp="20221213 14:11:01.699" level="INFO">GET Response : url=http://localhost:29000/_dev/objects?scan_level_operator=ge&amp;scan_level=0&amp;valid_time=2022-01-01T00%3A00%3A00%2B00%3A00 
 status=200, reason=OK 
 headers={'date': 'Tue, 13 Dec 2022 13:11:01 GMT', 'server': 'uvicorn', 'content-length': '22', 'content-type': 'application/json'} 
 body={"count":0,"items":[]} 
 </msg>
<msg timestamp="20221213 14:11:01.700" level="INFO">${response} = &lt;Response [200]&gt;</msg>
<status status="PASS" starttime="20221213 14:11:01.575" endtime="20221213 14:11:01.700"/>
</kw>
<kw name="Should Be Equal As Integers" library="BuiltIn">
<arg>${response.status_code}</arg>
<arg>200</arg>
<doc>Fails if objects are unequal after converting them to integers.</doc>
<msg timestamp="20221213 14:11:01.702" level="INFO">Argument types are:
&lt;class 'int'&gt;
&lt;class 'str'&gt;</msg>
<status status="PASS" starttime="20221213 14:11:01.700" endtime="20221213 14:11:01.702"/>
</kw>
<kw name="Set Variable" library="BuiltIn">
<var>${response_data}</var>
<arg>${response.json()}</arg>
<doc>Returns the given values which can then be assigned to a variables.</doc>
<msg timestamp="20221213 14:11:01.704" level="INFO">${response_data} = {'count': 0, 'items': []}</msg>
<status status="PASS" starttime="20221213 14:11:01.702" endtime="20221213 14:11:01.704"/>
</kw>
<kw name="Should Be Equal As Integers" library="BuiltIn">
<arg>${response_data["count"]}</arg>
<arg>${expected_count}</arg>
<doc>Fails if objects are unequal after converting them to integers.</doc>
<msg timestamp="20221213 14:11:01.706" level="FAIL">0 != 6</msg>
<status status="FAIL" starttime="20221213 14:11:01.704" endtime="20221213 14:11:01.706"/>
</kw>
<kw name="Length Should Be" library="BuiltIn">
<arg>${response_data["items"]}</arg>
<arg>${expected_count}</arg>
<doc>Verifies that the length of the given item is correct.</doc>
<status status="NOT RUN" starttime="20221213 14:11:01.706" endtime="20221213 14:11:01.707"/>
</kw>
<status status="FAIL" starttime="20221213 14:11:01.572" endtime="20221213 14:11:01.707"/>
</kw>
<kw name="Verify Scan LeveL Filter">
<arg>gt</arg>
<arg>0</arg>
<arg>${4}</arg>
<status status="NOT RUN" starttime="20221213 14:11:01.707" endtime="20221213 14:11:01.708"/>
</kw>
<kw name="Verify Scan LeveL Filter">
<arg>le</arg>
<arg>0</arg>
<arg>${2}</arg>
<status status="NOT RUN" starttime="20221213 14:11:01.708" endtime="20221213 14:11:01.708"/>
</kw>
<kw name="Verify Scan LeveL Filter">
<arg>le</arg>
<arg>2</arg>
<arg>${4}</arg>
<status status="NOT RUN" starttime="20221213 14:11:01.708" endtime="20221213 14:11:01.708"/>
</kw>
<kw name="Verify Scan LeveL Filter">
<arg>le</arg>
<arg>4</arg>
<arg>${6}</arg>
<status status="NOT RUN" starttime="20221213 14:11:01.709" endtime="20221213 14:11:01.709"/>
</kw>
<kw name="Verify Scan LeveL Filter">
<arg>lt</arg>
<arg>2</arg>
<arg>${2}</arg>
<status status="NOT RUN" starttime="20221213 14:11:01.709" endtime="20221213 14:11:01.709"/>
</kw>
<kw name="Verify Scan LeveL Filter">
<arg>eq</arg>
<arg>2</arg>
<arg>${2}</arg>
<status status="NOT RUN" starttime="20221213 14:11:01.709" endtime="20221213 14:11:01.710"/>
</kw>
<kw name="Verify Scan LeveL Filter">
<arg>ne</arg>
<arg>2</arg>
<arg>${4}</arg>
<status status="NOT RUN" starttime="20221213 14:11:01.710" endtime="20221213 14:11:01.710"/>
</kw>
<kw name="Verify Scan Profile Mutation Queue">
<arg>${REF_HOSTNAME}</arg>
<arg>${{[4]}}</arg>
<status status="NOT RUN" starttime="20221213 14:11:01.710" endtime="20221213 14:11:01.710"/>
</kw>
<kw name="Verify Scan Profile Mutation Queue">
<arg>${REF_IPADDR}</arg>
<arg>${{[2]}}</arg>
<status status="NOT RUN" starttime="20221213 14:11:01.710" endtime="20221213 14:11:01.710"/>
</kw>
<kw name="Verify Scan Profile Mutation Queue">
<arg>${REF_RESOLVEDHOSTNAME}</arg>
<arg>${{[4]}}</arg>
<status status="NOT RUN" starttime="20221213 14:11:01.711" endtime="20221213 14:11:01.711"/>
</kw>
<kw name="Teardown Test" type="TEARDOWN">
<kw name="Cleanup" library="robot">
<kw name="Clear XTDB" library="robot">
<kw name="Get All Document Ids" library="robot">
<var>${ids}</var>
<kw name="Set Variable" library="BuiltIn">
<var>${query}</var>
<arg>{:query {:find [?e] :where [[?e :xt/id]]}}</arg>
<doc>Returns the given values which can then be assigned to a variables.</doc>
<msg timestamp="20221213 14:11:01.713" level="INFO">${query} = {:query {:find [?e] :where [[?e :xt/id]]}}</msg>
<status status="PASS" starttime="20221213 14:11:01.713" endtime="20221213 14:11:01.714"/>
</kw>
<kw name="Create Dictionary" library="BuiltIn">
<var>${headers}</var>
<arg>Content-Type=application/edn</arg>
<arg>Accept=application/json</arg>
<doc>Creates and returns a dictionary based on the given ``items``.</doc>
<msg timestamp="20221213 14:11:01.714" level="INFO">${headers} = {'Content-Type': 'application/edn', 'Accept': 'application/json'}</msg>
<status status="PASS" starttime="20221213 14:11:01.714" endtime="20221213 14:11:01.714"/>
</kw>
<kw name="POST" library="RequestsLibrary">
<var>${response}</var>
<arg>${XTDB_URI}/query</arg>
<arg>data=${query}</arg>
<arg>headers=${headers}</arg>
<doc>Sends a POST request.</doc>
<msg timestamp="20221213 14:11:01.725" level="INFO">POST Request : url=http://localhost:29002/_xtdb/query 
 path_url=/_xtdb/query 
 headers={'User-Agent': 'python-requests/2.28.1', 'Accept-Encoding': 'gzip, deflate', 'Accept': 'application/json', 'Connection': 'keep-alive', 'Content-Type': 'application/edn', 'Content-Length': '42'} 
 body={:query {:find [?e] :where [[?e :xt/id]]}} 
 </msg>
<msg timestamp="20221213 14:11:01.725" level="INFO">POST Response : url=http://localhost:29002/_xtdb/query 
 status=200, reason=OK 
 headers={'Content-Type': 'application/json;charset=utf-8', 'Content-Length': '444', 'Server': 'Jetty(9.4.43.v20210629)'} 
 body=[["Hostname|internet|example.com"],["IPAddressV4|internet|1.1.1.1"],["IPPort|internet|1.1.1.1|tcp|80"],["Origin|observation|boefje_normalizer_x|Hostname|internet|example.com"],["ResolvedHostname|internet|example.com|internet|1.1.1.1"],["ScanProfile|Hostname|internet|example.com"],["ScanProfile|IPAddressV4|internet|1.1.1.1"],["ScanProfile|IPPort|internet|1.1.1.1|tcp|80"],["ScanProfile|ResolvedHostname|internet|example.com|internet|1.1.1.1"]] 
 </msg>
<msg timestamp="20221213 14:11:01.725" level="INFO">${response} = &lt;Response [200]&gt;</msg>
<status status="PASS" starttime="20221213 14:11:01.714" endtime="20221213 14:11:01.725"/>
</kw>
<kw name="Set Variable" library="BuiltIn">
<var>${rows}</var>
<arg>${response.json()}</arg>
<doc>Returns the given values which can then be assigned to a variables.</doc>
<msg timestamp="20221213 14:11:01.727" level="INFO">${rows} = [['Hostname|internet|example.com'], ['IPAddressV4|internet|1.1.1.1'], ['IPPort|internet|1.1.1.1|tcp|80'], ['Origin|observation|boefje_normalizer_x|Hostname|internet|example.com'], ['ResolvedHostname|i...</msg>
<status status="PASS" starttime="20221213 14:11:01.726" endtime="20221213 14:11:01.727"/>
</kw>
<kw name="Create List" library="BuiltIn">
<var>${ids}</var>
<doc>Returns a list containing given items.</doc>
<msg timestamp="20221213 14:11:01.728" level="INFO">${ids} = []</msg>
<status status="PASS" starttime="20221213 14:11:01.728" endtime="20221213 14:11:01.728"/>
</kw>
<for flavor="IN">
<var>${cols}</var>
<value>@{rows}</value>
<iter>
<var name="${cols}">['Hostname|internet|example.com']</var>
<kw name="Append To List" library="Collections">
<arg>${ids}</arg>
<arg>${cols[0]}</arg>
<doc>Adds ``values`` to the end of ``list``.</doc>
<status status="PASS" starttime="20221213 14:11:01.728" endtime="20221213 14:11:01.730"/>
</kw>
<status status="PASS" starttime="20221213 14:11:01.728" endtime="20221213 14:11:01.730"/>
</iter>
<iter>
<var name="${cols}">['IPAddressV4|internet|1.1.1.1']</var>
<kw name="Append To List" library="Collections">
<arg>${ids}</arg>
<arg>${cols[0]}</arg>
<doc>Adds ``values`` to the end of ``list``.</doc>
<status status="PASS" starttime="20221213 14:11:01.730" endtime="20221213 14:11:01.731"/>
</kw>
<status status="PASS" starttime="20221213 14:11:01.730" endtime="20221213 14:11:01.732"/>
</iter>
<iter>
<var name="${cols}">['IPPort|internet|1.1.1.1|tcp|80']</var>
<kw name="Append To List" library="Collections">
<arg>${ids}</arg>
<arg>${cols[0]}</arg>
<doc>Adds ``values`` to the end of ``list``.</doc>
<status status="PASS" starttime="20221213 14:11:01.732" endtime="20221213 14:11:01.733"/>
</kw>
<status status="PASS" starttime="20221213 14:11:01.732" endtime="20221213 14:11:01.733"/>
</iter>
<iter>
<var name="${cols}">['Origin|observation|boefje_normalizer_x|Hostname|internet|example.com']</var>
<kw name="Append To List" library="Collections">
<arg>${ids}</arg>
<arg>${cols[0]}</arg>
<doc>Adds ``values`` to the end of ``list``.</doc>
<status status="PASS" starttime="20221213 14:11:01.733" endtime="20221213 14:11:01.735"/>
</kw>
<status status="PASS" starttime="20221213 14:11:01.733" endtime="20221213 14:11:01.735"/>
</iter>
<iter>
<var name="${cols}">['ResolvedHostname|internet|example.com|internet|1.1.1.1']</var>
<kw name="Append To List" library="Collections">
<arg>${ids}</arg>
<arg>${cols[0]}</arg>
<doc>Adds ``values`` to the end of ``list``.</doc>
<status status="PASS" starttime="20221213 14:11:01.735" endtime="20221213 14:11:01.737"/>
</kw>
<status status="PASS" starttime="20221213 14:11:01.735" endtime="20221213 14:11:01.737"/>
</iter>
<iter>
<var name="${cols}">['ScanProfile|Hostname|internet|example.com']</var>
<kw name="Append To List" library="Collections">
<arg>${ids}</arg>
<arg>${cols[0]}</arg>
<doc>Adds ``values`` to the end of ``list``.</doc>
<status status="PASS" starttime="20221213 14:11:01.737" endtime="20221213 14:11:01.739"/>
</kw>
<status status="PASS" starttime="20221213 14:11:01.737" endtime="20221213 14:11:01.739"/>
</iter>
<iter>
<var name="${cols}">['ScanProfile|IPAddressV4|internet|1.1.1.1']</var>
<kw name="Append To List" library="Collections">
<arg>${ids}</arg>
<arg>${cols[0]}</arg>
<doc>Adds ``values`` to the end of ``list``.</doc>
<status status="PASS" starttime="20221213 14:11:01.740" endtime="20221213 14:11:01.741"/>
</kw>
<status status="PASS" starttime="20221213 14:11:01.739" endtime="20221213 14:11:01.741"/>
</iter>
<iter>
<var name="${cols}">['ScanProfile|IPPort|internet|1.1.1.1|tcp|80']</var>
<kw name="Append To List" library="Collections">
<arg>${ids}</arg>
<arg>${cols[0]}</arg>
<doc>Adds ``values`` to the end of ``list``.</doc>
<status status="PASS" starttime="20221213 14:11:01.742" endtime="20221213 14:11:01.743"/>
</kw>
<status status="PASS" starttime="20221213 14:11:01.741" endtime="20221213 14:11:01.743"/>
</iter>
<iter>
<var name="${cols}">['ScanProfile|ResolvedHostname|internet|example.com|internet|1.1.1.1']</var>
<kw name="Append To List" library="Collections">
<arg>${ids}</arg>
<arg>${cols[0]}</arg>
<doc>Adds ``values`` to the end of ``list``.</doc>
<status status="PASS" starttime="20221213 14:11:01.744" endtime="20221213 14:11:01.746"/>
</kw>
<status status="PASS" starttime="20221213 14:11:01.743" endtime="20221213 14:11:01.746"/>
</iter>
<status status="PASS" starttime="20221213 14:11:01.728" endtime="20221213 14:11:01.746"/>
</for>
<return>
[...]
</kw>
<kw name="Should Be Equal As Integers" library="BuiltIn">
<arg>${count}</arg>
<arg>0</arg>
<doc>Fails if objects are unequal after converting them to integers.</doc>
<msg timestamp="20221213 14:11:07.616" level="INFO">Argument types are:
&lt;class 'int'&gt;
&lt;class 'str'&gt;</msg>
<status status="PASS" starttime="20221213 14:11:07.616" endtime="20221213 14:11:07.616"/>
</kw>
<status status="PASS" starttime="20221213 14:11:07.615" endtime="20221213 14:11:07.616"/>
</kw>
<status status="PASS" starttime="20221213 14:11:07.615" endtime="20221213 14:11:07.616"/>
</kw>
<kw name="Wait Until Keyword Succeeds" library="BuiltIn">
<arg>1 min</arg>
<arg>100ms</arg>
<arg>Task Type Empty</arg>
<arg>STARTED</arg>
<doc>Runs the specified keyword and retries if it fails.</doc>
<kw name="Task Type Empty" library="robot">
<arg>STARTED</arg>
<kw name="Count Tasks" library="CeleryMonitor">
<var>${count}</var>
<arg>${task_type}</arg>
<msg timestamp="20221213 14:11:07.617" level="INFO">Counting tasks of type task-started: 0</msg>
<msg timestamp="20221213 14:11:07.617" level="INFO">${count} = 0</msg>
<status status="PASS" starttime="20221213 14:11:07.617" endtime="20221213 14:11:07.617"/>
</kw>
<kw name="Should Be Equal As Integers" library="BuiltIn">
<arg>${count}</arg>
<arg>0</arg>
<doc>Fails if objects are unequal after converting them to integers.</doc>
<msg timestamp="20221213 14:11:07.618" level="INFO">Argument types are:
&lt;class 'int'&gt;
&lt;class 'str'&gt;</msg>
<status status="PASS" starttime="20221213 14:11:07.617" endtime="20221213 14:11:07.618"/>
</kw>
<status status="PASS" starttime="20221213 14:11:07.617" endtime="20221213 14:11:07.618"/>
</kw>
<status status="PASS" starttime="20221213 14:11:07.617" endtime="20221213 14:11:07.618"/>
</kw>
<status status="PASS" starttime="20221213 14:11:07.613" endtime="20221213 14:11:07.618"/>
</kw>
<kw name="Wait For XTDB Synced" library="robot">
<kw name="GET" library="RequestsLibrary">
<var>${response}</var>
<arg>${XTDB_URI}/sync</arg>
<doc>Sends a GET request.</doc>
<msg timestamp="20221213 14:11:07.624" level="INFO">GET Request : url=http://localhost:29002/_xtdb/sync 
 path_url=/_xtdb/sync 
 headers={'User-Agent': 'python-requests/2.28.1', 'Accept-Encoding': 'gzip, deflate', 'Accept': '*/*', 'Connection': 'keep-alive'} 
 body=None 
 </msg>
<msg timestamp="20221213 14:11:07.624" level="INFO">GET Response : url=http://localhost:29002/_xtdb/sync 
 status=200, reason=OK 
 headers={'Last-Modified': 'Tue, 13 Dec 2022 13:11:07 GMT', 'Content-Type': 'application/edn; charset=utf-8', 'Content-Length': '57', 'Server': 'Jetty(9.4.43.v20210629)'} 
 body={:xtdb.api/tx-time #inst "2022-12-13T13:11:07.510-00:00"} 
 </msg>
<msg timestamp="20221213 14:11:07.624" level="INFO">${response} = &lt;Response [200]&gt;</msg>
<status status="PASS" starttime="20221213 14:11:07.618" endtime="20221213 14:11:07.624"/>
</kw>
<status status="PASS" starttime="20221213 14:11:07.618" endtime="20221213 14:11:07.624"/>
</kw>
<status status="PASS" starttime="20221213 14:11:07.613" endtime="20221213 14:11:07.624"/>
</kw>
<kw name="Teardown Test" type="TEARDOWN">
<kw name="Stop Monitoring" library="CeleryMonitor">
<status status="PASS" starttime="20221213 14:11:07.625" endtime="20221213 14:11:07.625"/>
</kw>
<kw name="Cleanup" library="robot">
<kw name="Clear XTDB" library="robot">
<kw name="Get All Document Ids" library="robot">
<var>${ids}</var>
<kw name="Set Variable" library="BuiltIn">
<var>${query}</var>
<arg>{:query {:find [?e] :where [[?e :xt/id]]}}</arg>
<doc>Returns the given values which can then be assigned to a variables.</doc>
<msg timestamp="20221213 14:11:07.626" level="INFO">${query} = {:query {:find [?e] :where [[?e :xt/id]]}}</msg>
<status status="PASS" starttime="20221213 14:11:07.626" endtime="20221213 14:11:07.626"/>
</kw>
<kw name="Create Dictionary" library="BuiltIn">
<var>${headers}</var>
<arg>Content-Type=application/edn</arg>
<arg>Accept=application/json</arg>
<doc>Creates and returns a dictionary based on the given ``items``.</doc>
<msg timestamp="20221213 14:11:07.626" level="INFO">${headers} = {'Content-Type': 'application/edn', 'Accept': 'application/json'}</msg>
<status status="PASS" starttime="20221213 14:11:07.626" endtime="20221213 14:11:07.626"/>
</kw>
<kw name="POST" library="RequestsLibrary">
<var>${response}</var>
<arg>${XTDB_URI}/query</arg>
<arg>data=${query}</arg>
<arg>headers=${headers}</arg>
<doc>Sends a POST request.</doc>
<msg timestamp="20221213 14:11:07.636" level="INFO">POST Request : url=http://localhost:29002/_xtdb/query 
 path_url=/_xtdb/query 
 headers={'User-Agent': 'python-requests/2.28.1', 'Accept-Encoding': 'gzip, deflate', 'Accept': 'application/json', 'Connection': 'keep-alive', 'Content-Type': 'application/edn', 'Content-Length': '42'} 
 body={:query {:find [?e] :where [[?e :xt/id]]}} 
 </msg>
<msg timestamp="20221213 14:11:07.636" level="INFO">POST Response : url=http://localhost:29002/_xtdb/query 
 status=200, reason=OK 
 headers={'Content-Type': 'application/json;charset=utf-8', 'Content-Length': '2', 'Server': 'Jetty(9.4.43.v20210629)'} 
 body=[] 
 </msg>
<msg timestamp="20221213 14:11:07.636" level="INFO">${response} = &lt;Response [200]&gt;</msg>
<status status="PASS" starttime="20221213 14:11:07.627" endtime="20221213 14:11:07.636"/>
</kw>
<kw name="Set Variable" library="BuiltIn">
<var>${rows}</var>
<arg>${response.json()}</arg>
<doc>Returns the given values which can then be assigned to a variables.</doc>
<msg timestamp="20221213 14:11:07.637" level="INFO">${rows} = []</msg>
<status status="PASS" starttime="20221213 14:11:07.636" endtime="20221213 14:11:07.637"/>
</kw>
<kw name="Create List" library="BuiltIn">
<var>${ids}</var>
<doc>Returns a list containing given items.</doc>
<msg timestamp="20221213 14:11:07.638" level="INFO">${ids} = []</msg>
<status status="PASS" starttime="20221213 14:11:07.637" endtime="20221213 14:11:07.638"/>
</kw>
<for flavor="IN">
<var>${cols}</var>
<value>@{rows}</value>
<iter>
<var name="${cols}"/>
<kw name="Append To List" library="Collections">
<arg>${ids}</arg>
<arg>${cols[0]}</arg>
<doc>Adds ``values`` to the end of ``list``.</doc>
<status status="NOT RUN" starttime="20221213 14:11:07.638" endtime="20221213 14:11:07.638"/>
</kw>
<status status="NOT RUN" starttime="20221213 14:11:07.638" endtime="20221213 14:11:07.638"/>
</iter>
<status status="NOT RUN" starttime="20221213 14:11:07.638" endtime="20221213 14:11:07.638"/>
</for>
<return>
<value>${ids}</value>
<status status="PASS" starttime="20221213 14:11:07.638" endtime="20221213 14:11:07.638"/>
</return>
<msg timestamp="20221213 14:11:07.638" level="INFO">${ids} = []</msg>
<status status="PASS" starttime="20221213 14:11:07.626" endtime="20221213 14:11:07.638"/>
</kw>
<kw name="Create List" library="BuiltIn">
<var>${operations}</var>
<doc>Returns a list containing given items.</doc>
<msg timestamp="20221213 14:11:07.639" level="INFO">${operations} = []</msg>
<status status="PASS" starttime="20221213 14:11:07.638" endtime="20221213 14:11:07.639"/>
</kw>
<for flavor="IN">
<var>${id}</var>
<value>@{ids}</value>
<iter>
<var name="${id}"/>
<kw name="Create List" library="BuiltIn">
<var>${operation}</var>
<arg>evict</arg>
<arg>${id}</arg>
<arg>${VALID_TIME}</arg>
<doc>Returns a list containing given items.</doc>
<status status="NOT RUN" starttime="20221213 14:11:07.639" endtime="20221213 14:11:07.639"/>
</kw>
<kw name="Append To List" library="Collections">
<arg>${operations}</arg>
<arg>${operation}</arg>
<doc>Adds ``values`` to the end of ``list``.</doc>
<status status="NOT RUN" starttime="20221213 14:11:07.639" endtime="20221213 14:11:07.639"/>
</kw>
<status status="NOT RUN" starttime="20221213 14:11:07.639" endtime="20221213 14:11:07.639"/>
</iter>
<status status="NOT RUN" starttime="20221213 14:11:07.639" endtime="20221213 14:11:07.639"/>
</for>
<kw name="Create Dictionary" library="BuiltIn">
<var>${transaction}</var>
<arg>tx-ops=${operations}</arg>
<doc>Creates and returns a dictionary based on the given ``items``.</doc>
<msg timestamp="20221213 14:11:07.640" level="INFO">${transaction} = {'tx-ops': []}</msg>
<status status="PASS" starttime="20221213 14:11:07.639" endtime="20221213 14:11:07.640"/>
</kw>
<kw name="Create Dictionary" library="BuiltIn">
<var>${headers}</var>
<arg>Content-Type=application/json</arg>
<arg>Accept=application/json</arg>
<doc>Creates and returns a dictionary based on the given ``items``.</doc>
<msg timestamp="20221213 14:11:07.640" level="INFO">${headers} = {'Content-Type': 'application/json', 'Accept': 'application/json'}</msg>
<status status="PASS" starttime="20221213 14:11:07.640" endtime="20221213 14:11:07.640"/>
</kw>
<kw name="POST" library="RequestsLibrary">
<var>${response}</var>
<arg>${XTDB_URI}/submit-tx</arg>
<arg>json=${transaction}</arg>
<arg>headers=${headers}</arg>
<doc>Sends a POST request.</doc>
<msg timestamp="20221213 14:11:07.652" level="INFO">POST Request : url=http://localhost:29002/_xtdb/submit-tx 
 path_url=/_xtdb/submit-tx 
 headers={'User-Agent': 'python-requests/2.28.1', 'Accept-Encoding': 'gzip, deflate', 'Accept': 'application/json', 'Connection': 'keep-alive', 'Content-Type': 'application/json', 'Content-Length': '14'} 
 body=b'{"tx-ops": []}' 
 </msg>
<msg timestamp="20221213 14:11:07.652" level="INFO">POST Response : url=http://localhost:29002/_xtdb/submit-tx 
 status=202, reason=Accepted 
 headers={'Last-Modified': 'Tue, 13 Dec 2022 13:11:07 GMT', 'Content-Type': 'application/json;charset=utf-8', 'Content-Length': '44', 'Server': 'Jetty(9.4.43.v20210629)'} 
 body={"txId":120,"txTime":"2022-12-13T13:11:07Z"} 
 </msg>
<msg timestamp="20221213 14:11:07.652" level="INFO">${response} = &lt;Response [202]&gt;</msg>
<status status="PASS" starttime="20221213 14:11:07.641" endtime="20221213 14:11:07.652"/>
</kw>
<kw name="Wait For XTDB Synced" library="robot">
<kw name="GET" library="RequestsLibrary">
<var>${response}</var>
<arg>${XTDB_URI}/sync</arg>
<doc>Sends a GET request.</doc>
<msg timestamp="20221213 14:11:07.658" level="INFO">GET Request : url=http://localhost:29002/_xtdb/sync 
 path_url=/_xtdb/sync 
 headers={'User-Agent': 'python-requests/2.28.1', 'Accept-Encoding': 'gzip, deflate', 'Accept': '*/*', 'Connection': 'keep-alive'} 
 body=None 
 </msg>
<msg timestamp="20221213 14:11:07.658" level="INFO">GET Response : url=http://localhost:29002/_xtdb/sync 
 status=200, reason=OK 
 headers={'Last-Modified': 'Tue, 13 Dec 2022 13:11:07 GMT', 'Content-Type': 'application/edn; charset=utf-8', 'Content-Length': '57', 'Server': 'Jetty(9.4.43.v20210629)'} 
 body={:xtdb.api/tx-time #inst "2022-12-13T13:11:07.661-00:00"} 
 </msg>
<msg timestamp="20221213 14:11:07.658" level="INFO">${response} = &lt;Response [200]&gt;</msg>
<status status="PASS" starttime="20221213 14:11:07.653" endtime="20221213 14:11:07.658"/>
</kw>
<status status="PASS" starttime="20221213 14:11:07.652" endtime="20221213 14:11:07.658"/>
</kw>
<status status="PASS" starttime="20221213 14:11:07.625" endtime="20221213 14:11:07.659"/>
</kw>
<kw name="Wait For XTDB Synced" library="robot">
<kw name="GET" library="RequestsLibrary">
<var>${response}</var>
<arg>${XTDB_URI}/sync</arg>
<doc>Sends a GET request.</doc>
<msg timestamp="20221213 14:11:07.664" level="INFO">GET Request : url=http://localhost:29002/_xtdb/sync 
 path_url=/_xtdb/sync 
 headers={'User-Agent': 'python-requests/2.28.1', 'Accept-Encoding': 'gzip, deflate', 'Accept': '*/*', 'Connection': 'keep-alive'} 
 body=None 
 </msg>
<msg timestamp="20221213 14:11:07.664" level="INFO">GET Response : url=http://localhost:29002/_xtdb/sync 
 status=200, reason=OK 
 headers={'Last-Modified': 'Tue, 13 Dec 2022 13:11:07 GMT', 'Content-Type': 'application/edn; charset=utf-8', 'Content-Length': '57', 'Server': 'Jetty(9.4.43.v20210629)'} 
 body={:xtdb.api/tx-time #inst "2022-12-13T13:11:07.661-00:00"} 
 </msg>
<msg timestamp="20221213 14:11:07.664" level="INFO">${response} = &lt;Response [200]&gt;</msg>
<status status="PASS" starttime="20221213 14:11:07.659" endtime="20221213 14:11:07.664"/>
</kw>
<status status="PASS" starttime="20221213 14:11:07.659" endtime="20221213 14:11:07.664"/>
</kw>
<kw name="Get Messages From Queue" library="robot">
<arg>octopoes</arg>
<arg>ack_requeue_false</arg>
<kw name="Create Dictionary" library="BuiltIn">
<var>&amp;{data}</var>
<arg>count=10000</arg>
<arg>ackmode=${ackmode}</arg>
<arg>encoding=auto</arg>
<arg>truncate=50000</arg>
<doc>Creates and returns a dictionary based on the given ``items``.</doc>
<msg timestamp="20221213 14:11:07.665" level="INFO">&amp;{data} = { count=10000 | ackmode=ack_requeue_false | encoding=auto | truncate=50000 }</msg>
<status status="PASS" starttime="20221213 14:11:07.665" endtime="20221213 14:11:07.665"/>
</kw>
<kw name="POST" library="RequestsLibrary">
<var>${response}</var>
<arg>${RABBIT_MQ_API_URI}/queues/kat/${queue}/get</arg>
<arg>json=${data}</arg>
<doc>Sends a POST request.</doc>
<msg timestamp="20221213 14:11:07.674" level="INFO">POST Request : url=http://ci_user:ci_pass@localhost:29003/api/queues/kat/octopoes/get 
 path_url=/api/queues/kat/octopoes/get 
 headers={'User-Agent': 'python-requests/2.28.1', 'Accept-Encoding': 'gzip, deflate', 'Accept': '*/*', 'Connection': 'keep-alive', 'Content-Length': '91', 'Content-Type': 'application/json', 'Authorization': 'Basic Y2lfdXNlcjpjaV9wYXNz'} 
 body=b'{"count": "10000", "ackmode": "ack_requeue_false", "encoding": "auto", "truncate": "50000"}' 
 </msg>
<msg timestamp="20221213 14:11:07.674" level="INFO">POST Response : url=http://ci_user:ci_pass@localhost:29003/api/queues/kat/octopoes/get 
 status=200, reason=OK 
 headers={'cache-control': 'no-cache', 'content-length': '2', 'content-security-policy': "script-src 'self' 'unsafe-eval' 'unsafe-inline'; object-src 'self'", 'content-type': 'application/json', 'date': 'Tue, 13 Dec 2022 13:11:07 GMT', 'server': 'Cowboy', 'vary': 'accept, accept-encoding, origin'} 
 body=[] 
 </msg>
<msg timestamp="20221213 14:11:07.674" level="INFO">${response} = &lt;Response [200]&gt;</msg>
<status status="PASS" starttime="20221213 14:11:07.665" endtime="20221213 14:11:07.675"/>
</kw>
<return>
<value>${response.json()}</value>
<status status="PASS" starttime="20221213 14:11:07.675" endtime="20221213 14:11:07.675"/>
</return>
<status status="PASS" starttime="20221213 14:11:07.664" endtime="20221213 14:11:07.675"/>
</kw>
<kw name="Get Messages From Queue" library="robot">
<arg>${SCAN_PROFILE_INCREMENT_QUEUE}</arg>
<arg>ack_requeue_false</arg>
<kw name="Create Dictionary" library="BuiltIn">
<var>&amp;{data}</var>
<arg>count=10000</arg>
<arg>ackmode=${ackmode}</arg>
<arg>encoding=auto</arg>
<arg>truncate=50000</arg>
<doc>Creates and returns a dictionary based on the given ``items``.</doc>
<msg timestamp="20221213 14:11:07.676" level="INFO">&amp;{data} = { count=10000 | ackmode=ack_requeue_false | encoding=auto | truncate=50000 }</msg>
<status status="PASS" starttime="20221213 14:11:07.676" endtime="20221213 14:11:07.676"/>
</kw>
<kw name="POST" library="RequestsLibrary">
<var>${response}</var>
<arg>${RABBIT_MQ_API_URI}/queues/kat/${queue}/get</arg>
<arg>json=${data}</arg>
<doc>Sends a POST request.</doc>
<msg timestamp="20221213 14:11:07.685" level="INFO">POST Request : url=http://ci_user:ci_pass@localhost:29003/api/queues/kat/_dev__scan_profile_increments/get 
 path_url=/api/queues/kat/_dev__scan_profile_increments/get 
 headers={'User-Agent': 'python-requests/2.28.1', 'Accept-Encoding': 'gzip, deflate', 'Accept': '*/*', 'Connection': 'keep-alive', 'Content-Length': '91', 'Content-Type': 'application/json', 'Authorization': 'Basic Y2lfdXNlcjpjaV9wYXNz'} 
 body=b'{"count": "10000", "ackmode": "ack_requeue_false", "encoding": "auto", "truncate": "50000"}' 
 </msg>
<msg timestamp="20221213 14:11:07.685" level="INFO">POST Response : url=http://ci_user:ci_pass@localhost:29003/api/queues/kat/_dev__scan_profile_increments/get 
 status=200, reason=OK 
 headers={'cache-control': 'no-cache', 'content-length': '2', 'content-security-policy': "script-src 'self' 'unsafe-eval' 'unsafe-inline'; object-src 'self'", 'content-type': 'application/json', 'date': 'Tue, 13 Dec 2022 13:11:07 GMT', 'server': 'Cowboy', 'vary': 'accept, accept-encoding, origin'} 
 body=[] 
 </msg>
<msg timestamp="20221213 14:11:07.686" level="INFO">${response} = &lt;Response [200]&gt;</msg>
<status status="PASS" starttime="20221213 14:11:07.676" endtime="20221213 14:11:07.686"/>
</kw>
<return>
<value>${response.json()}</value>
<status status="PASS" starttime="20221213 14:11:07.686" endtime="20221213 14:11:07.686"/>
</return>
<status status="PASS" starttime="20221213 14:11:07.675" endtime="20221213 14:11:07.686"/>
</kw>
<kw name="Get Messages From Queue" library="robot">
<arg>${SCAN_PROFILE_MUTATION_QUEUE}</arg>
<arg>ack_requeue_false</arg>
<kw name="Create Dictionary" library="BuiltIn">
<var>&amp;{data}</var>
<arg>count=10000</arg>
<arg>ackmode=${ackmode}</arg>
<arg>encoding=auto</arg>
<arg>truncate=50000</arg>
<doc>Creates and returns a dictionary based on the given ``items``.</doc>
<msg timestamp="20221213 14:11:07.687" level="INFO">&amp;{data} = { count=10000 | ackmode=ack_requeue_false | encoding=auto | truncate=50000 }</msg>
<status status="PASS" starttime="20221213 14:11:07.687" endtime="20221213 14:11:07.687"/>
</kw>
<kw name="POST" library="RequestsLibrary">
<var>${response}</var>
<arg>${RABBIT_MQ_API_URI}/queues/kat/${queue}/get</arg>
<arg>json=${data}</arg>
<doc>Sends a POST request.</doc>
<msg timestamp="20221213 14:11:07.695" level="INFO">POST Request : url=http://ci_user:ci_pass@localhost:29003/api/queues/kat/_dev__scan_profile_mutations/get 
 path_url=/api/queues/kat/_dev__scan_profile_mutations/get 
 headers={'User-Agent': 'python-requests/2.28.1', 'Accept-Encoding': 'gzip, deflate', 'Accept': '*/*', 'Connection': 'keep-alive', 'Content-Length': '91', 'Content-Type': 'application/json', 'Authorization': 'Basic Y2lfdXNlcjpjaV9wYXNz'} 
 body=b'{"count": "10000", "ackmode": "ack_requeue_false", "encoding": "auto", "truncate": "50000"}' 
 </msg>
<msg timestamp="20221213 14:11:07.695" level="INFO">POST Response : url=http://ci_user:ci_pass@localhost:29003/api/queues/kat/_dev__scan_profile_mutations/get 
 status=200, reason=OK 
 headers={'cache-control': 'no-cache', 'content-length': '2', 'content-security-policy': "script-src 'self' 'unsafe-eval' 'unsafe-inline'; object-src 'self'", 'content-type': 'application/json', 'date': 'Tue, 13 Dec 2022 13:11:07 GMT', 'server': 'Cowboy', 'vary': 'accept, accept-encoding, origin'} 
 body=[] 
 </msg>
<msg timestamp="20221213 14:11:07.695" level="INFO">${response} = &lt;Response [200]&gt;</msg>
<status status="PASS" starttime="20221213 14:11:07.687" endtime="20221213 14:11:07.695"/>
</kw>
<return>
<value>${response.json()}</value>
<status status="PASS" starttime="20221213 14:11:07.695" endtime="20221213 14:11:07.695"/>
</return>
<status status="PASS" starttime="20221213 14:11:07.687" endtime="20221213 14:11:07.696"/>
</kw>
<status status="PASS" starttime="20221213 14:11:07.625" endtime="20221213 14:11:07.696"/>
</kw>
<status status="PASS" starttime="20221213 14:11:07.625" endtime="20221213 14:11:07.696"/>
</kw>
<status status="PASS" starttime="20221213 14:11:07.579" endtime="20221213 14:11:07.696"/>
</test>
<status status="PASS" starttime="20221213 14:11:07.575" endtime="20221213 14:11:07.697"/>
</suite>
<status status="FAIL" starttime="20221213 14:11:00.512" endtime="20221213 14:11:07.697"/>
</suite>
<statistics>
<total>
<stat pass="5" fail="1" skip="0">All Tests</stat>
</total>
<tag>
</tag>
<suite>
<stat pass="5" fail="1" skip="0" id="s1" name="Robot">Robot</stat>
<stat pass="2" fail="1" skip="0" id="s1-s1" name="01 Scan Profiles">Robot.01 Scan Profiles</stat>
<stat pass="2" fail="0" skip="0" id="s1-s2" name="02 List Objects">Robot.02 List Objects</stat>
<stat pass="1" fail="0" skip="0" id="s1-s3" name="03 Deletion Propagation">Robot.03 Deletion Propagation</stat>
</suite>
</statistics>
<errors>
</errors>
</robot>
